🧪 [setup] unit tests - starting
🧪 [setup] unit tests - runtime: node v24.13.0
🧪 [setup] unit tests - typescript: 5.9.3
🧪 [setup] unit tests - environment: NODE_ENV=test, ENV=test
🧪 [setup] unit tests - test files: 38
🧪 [setup] unit tests - heapTotal memory usage before: 111.97 MB
🧪 [setup] unit tests - heapUsed memory usage before: 67.19 MB
🧪 [setup] unit tests - completed in 1949.39 ms - ⏱️
(node:99611) [DEP0170] DeprecationWarning: The URL sqlite::memory: is invalid. Future versions of Node.js will throw an error.
(Use `node --trace-deprecation ...` to show where the warning was created)
(node:99611) [MONGOOSE] Warning: mongoose: the `new` option for `findOneAndUpdate()` and `findOneAndReplace()` is deprecated. Use `returnDocument: 'after'` instead.
(Use `node --trace-warnings ...` to show where the warning was created)
(node:99611) [MONGOOSE] Warning: mongoose: the `new` option for `findOneAndUpdate()` and `findOneAndReplace()` is deprecated. Use `returnDocument: 'after'` instead.
(Use `node --trace-warnings ...` to show where the warning was created)
(node:99611) [MONGOOSE] Warning: mongoose: the `new` option for `findOneAndUpdate()` and `findOneAndReplace()` is deprecated. Use `returnDocument: 'after'` instead.
(node:99611) [MONGOOSE] Warning: mongoose: the `new` option for `findOneAndUpdate()` and `findOneAndReplace()` is deprecated. Use `returnDocument: 'after'` instead.
{"numTotalTestSuites":128,"numPassedTestSuites":128,"numFailedTestSuites":0,"numPendingTestSuites":0,"numTotalTests":307,"numPassedTests":307,"numFailedTests":0,"numPendingTests":0,"numTodoTests":0,"snapshot":{"added":0,"failure":false,"filesAdded":0,"filesRemoved":0,"filesRemovedList":[],"filesUnmatched":0,"filesUpdated":0,"matched":0,"total":0,"unchecked":0,"uncheckedKeysByFile":[],"unmatched":0,"updated":0,"didUpdate":false},"startTime":1771816264070,"success":true,"testResults":[{"assertionResults":[{"ancestorTitles":["Auto-Registration Without Service"],"fullName":"Auto-Registration Without Service should auto-register domain providers on construction","status":"passed","title":"should auto-register domain providers on construction","duration":1.3649169999998776,"failureMessages":[],"meta":{}},{"ancestorTitles":["Auto-Registration Without Service"],"fullName":"Auto-Registration Without Service should auto-register on construction (new behavior)","status":"passed","title":"should auto-register on construction (new behavior)","duration":1.55475000000024,"failureMessages":[],"meta":{}},{"ancestorTitles":["Auto-Registration Without Service"],"fullName":"Auto-Registration Without Service should work without Service - direct layer usage","status":"passed","title":"should work without Service - direct layer usage","duration":0.5293329999994967,"failureMessages":[],"meta":{}},{"ancestorTitles":["Auto-Registration Without Service"],"fullName":"Auto-Registration Without Service should support DI injection between auto-registered layers","status":"passed","title":"should support DI injection between auto-registered layers","duration":0.21345899999960238,"failureMessages":[],"meta":{}}],"startTime":1771816268477,"endTime":1771816268481.2134,"status":"passed","message":"","name":"/Users/beltrd/Desktop/projects/sentzunhat/zacatl/test/unit/auto-registration.test.ts"},{"assertionResults":[{"ancestorTitles":["Export Strategy Verification","Core Requirements"],"fullName":"Export Strategy Verification Core Requirements should NOT export ORMs from main package (bug fix)","status":"passed","title":"should NOT export ORMs from main package (bug fix)","duration":1874.836542,"failureMessages":[],"meta":{}},{"ancestorTitles":["Export Strategy Verification","Core Requirements"],"fullName":"Export Strategy Verification Core Requirements should provide DI utilities from main package","status":"passed","title":"should provide DI utilities from main package","duration":1.2490829999997004,"failureMessages":[],"meta":{}},{"ancestorTitles":["Export Strategy Verification","Core Requirements"],"fullName":"Export Strategy Verification Core Requirements should provide dedicated Mongoose subpath","status":"passed","title":"should provide dedicated Mongoose subpath","duration":0.2626669999999649,"failureMessages":[],"meta":{}},{"ancestorTitles":["Export Strategy Verification","Core Requirements"],"fullName":"Export Strategy Verification Core Requirements should provide dedicated Sequelize subpath","status":"passed","title":"should provide dedicated Sequelize subpath","duration":0.18787500000053114,"failureMessages":[],"meta":{}},{"ancestorTitles":["Export Strategy Verification","Subpath-Only Import Strategy"],"fullName":"Export Strategy Verification Subpath-Only Import Strategy should require subpath imports for Mongoose access","status":"passed","title":"should require subpath imports for Mongoose access","duration":0.1457909999999174,"failureMessages":[],"meta":{}},{"ancestorTitles":["Export Strategy Verification","Subpath-Only Import Strategy"],"fullName":"Export Strategy Verification Subpath-Only Import Strategy should require subpath imports for Sequelize access","status":"passed","title":"should require subpath imports for Sequelize access","duration":0.1104589999995369,"failureMessages":[],"meta":{}},{"ancestorTitles":["Export Strategy Verification","Subpath-Only Import Strategy"],"fullName":"Export Strategy Verification Subpath-Only Import Strategy should not load mongoose when importing Service from main","status":"passed","title":"should not load mongoose when importing Service from main","duration":0.11245800000051531,"failureMessages":[],"meta":{}},{"ancestorTitles":["Export Strategy Verification","Subpath-Only Import Strategy"],"fullName":"Export Strategy Verification Subpath-Only Import Strategy should not load sequelize when importing Service from main","status":"passed","title":"should not load sequelize when importing Service from main","duration":0.09875000000010914,"failureMessages":[],"meta":{}},{"ancestorTitles":["Export Strategy Verification","Benefits of Subpath Strategy"],"fullName":"Export Strategy Verification Benefits of Subpath Strategy should enable tree-shaking of unused ORMs","status":"passed","title":"should enable tree-shaking of unused ORMs","duration":0.1336670000000595,"failureMessages":[],"meta":{}},{"ancestorTitles":["Export Strategy Verification","Benefits of Subpath Strategy"],"fullName":"Export Strategy Verification Benefits of Subpath Strategy should provide clean imports without re-exports from main","status":"passed","title":"should provide clean imports without re-exports from main","duration":0.19483300000047166,"failureMessages":[],"meta":{}},{"ancestorTitles":["Export Strategy Verification","Benefits of Subpath Strategy"],"fullName":"Export Strategy Verification Benefits of Subpath Strategy should maintain minimal bundle size for users not needing ORMs","status":"passed","title":"should maintain minimal bundle size for users not needing ORMs","duration":0.09866700000020501,"failureMessages":[],"meta":{}}],"startTime":1771816266881,"endTime":1771816268759.1948,"status":"passed","message":"","name":"/Users/beltrd/Desktop/projects/sentzunhat/zacatl/test/unit/export-strategy.test.ts"},{"assertionResults":[{"ancestorTitles":["CustomError"],"fullName":"CustomError should generate a correlationId if not provided","status":"passed","title":"should generate a correlationId if not provided","duration":1.584791999999652,"failureMessages":[],"meta":{}},{"ancestorTitles":["CustomError"],"fullName":"CustomError should use the provided correlationId","status":"passed","title":"should use the provided correlationId","duration":0.16812500000014552,"failureMessages":[],"meta":{}},{"ancestorTitles":["CustomError"],"fullName":"CustomError toJSON() should include correlationId and structured metadata","status":"passed","title":"toJSON() should include correlationId and structured metadata","duration":2.9542920000003505,"failureMessages":[],"meta":{}},{"ancestorTitles":["CustomError"],"fullName":"CustomError toJSON() should include nested error info if present","status":"passed","title":"toJSON() should include nested error info if present","duration":0.41720900000018446,"failureMessages":[],"meta":{}},{"ancestorTitles":["CustomError"],"fullName":"CustomError toString() should be formatted correctly with all details","status":"passed","title":"toString() should be formatted correctly with all details","duration":7.8778749999992215,"failureMessages":[],"meta":{}}],"startTime":1771816268985,"endTime":1771816268998.878,"status":"passed","message":"","name":"/Users/beltrd/Desktop/projects/sentzunhat/zacatl/test/unit/error/custom.test.ts"},{"assertionResults":[{"ancestorTitles":["Error Types"],"fullName":"Error Types BadRequestError should have code 400","status":"passed","title":"BadRequestError should have code 400","duration":1.5012919999999212,"failureMessages":[],"meta":{}},{"ancestorTitles":["Error Types"],"fullName":"Error Types BadResourceError should have code 400","status":"passed","title":"BadResourceError should have code 400","duration":0.24312499999996362,"failureMessages":[],"meta":{}},{"ancestorTitles":["Error Types"],"fullName":"Error Types ForbiddenError should have code 403","status":"passed","title":"ForbiddenError should have code 403","duration":0.23687500000050932,"failureMessages":[],"meta":{}},{"ancestorTitles":["Error Types"],"fullName":"Error Types InternalServerError should have code 500","status":"passed","title":"InternalServerError should have code 500","duration":0.15983300000061718,"failureMessages":[],"meta":{}},{"ancestorTitles":["Error Types"],"fullName":"Error Types NotFoundError should have code 404","status":"passed","title":"NotFoundError should have code 404","duration":0.21604200000001583,"failureMessages":[],"meta":{}},{"ancestorTitles":["Error Types"],"fullName":"Error Types UnauthorizedError should have code 401","status":"passed","title":"UnauthorizedError should have code 401","duration":0.18312500000047294,"failureMessages":[],"meta":{}},{"ancestorTitles":["Error Types"],"fullName":"Error Types ValidationError should have code 422","status":"passed","title":"ValidationError should have code 422","duration":0.12854200000037963,"failureMessages":[],"meta":{}}],"startTime":1771816269194,"endTime":1771816269197.216,"status":"passed","message":"","name":"/Users/beltrd/Desktop/projects/sentzunhat/zacatl/test/unit/error/types.test.ts"},{"assertionResults":[{"ancestorTitles":["Dependency Injection Container"],"fullName":"Dependency Injection Container should register and resolve a dependency","status":"passed","title":"should register and resolve a dependency","duration":1.2847090000004755,"failureMessages":[],"meta":{}},{"ancestorTitles":["Dependency Injection Container"],"fullName":"Dependency Injection Container should register and resolve a singleton (shared instance)","status":"passed","title":"should register and resolve a singleton (shared instance)","duration":0.25470900000073016,"failureMessages":[],"meta":{}},{"ancestorTitles":["Dependency Injection Container"],"fullName":"Dependency Injection Container should create new instances for non-singleton registrations","status":"passed","title":"should create new instances for non-singleton registrations","duration":0.506916999999703,"failureMessages":[],"meta":{}},{"ancestorTitles":["Dependency Injection Container"],"fullName":"Dependency Injection Container should register and resolve a value (instance)","status":"passed","title":"should register and resolve a value (instance)","duration":0.2608749999999418,"failureMessages":[],"meta":{}},{"ancestorTitles":["Dependency Injection Container"],"fullName":"Dependency Injection Container should support multiple different registrations","status":"passed","title":"should support multiple different registrations","duration":0.16170799999963492,"failureMessages":[],"meta":{}},{"ancestorTitles":["Dependency Injection Container"],"fullName":"Dependency Injection Container should clear all registrations","status":"passed","title":"should clear all registrations","duration":1.1005000000004657,"failureMessages":[],"meta":{}}],"startTime":1771816268533,"endTime":1771816268537.1006,"status":"passed","message":"","name":"/Users/beltrd/Desktop/projects/sentzunhat/zacatl/test/unit/dependency-injection/container.test.ts"},{"assertionResults":[{"ancestorTitles":["DI Container Integration Tests","Basic Registration and Resolution"],"fullName":"DI Container Integration Tests Basic Registration and Resolution should register and resolve a single dependency","status":"passed","title":"should register and resolve a single dependency","duration":4.794125000000349,"failureMessages":[],"meta":{}},{"ancestorTitles":["DI Container Integration Tests","Basic Registration and Resolution"],"fullName":"DI Container Integration Tests Basic Registration and Resolution should register singleton","status":"passed","title":"should register singleton","duration":0.3413329999993948,"failureMessages":[],"meta":{}},{"ancestorTitles":["DI Container Integration Tests","Basic Registration and Resolution"],"fullName":"DI Container Integration Tests Basic Registration and Resolution should register multiple dependencies","status":"passed","title":"should register multiple dependencies","duration":0.2976250000001528,"failureMessages":[],"meta":{}},{"ancestorTitles":["DI Container Integration Tests","Basic Registration and Resolution"],"fullName":"DI Container Integration Tests Basic Registration and Resolution should register and resolve dependencies in one call","status":"passed","title":"should register and resolve dependencies in one call","duration":0.7146250000005239,"failureMessages":[],"meta":{}},{"ancestorTitles":["DI Container Integration Tests","Container Management"],"fullName":"DI Container Integration Tests Container Management should clear all registrations","status":"passed","title":"should clear all registrations","duration":0.21212500000001455,"failureMessages":[],"meta":{}},{"ancestorTitles":["DI Container Integration Tests","Container Management"],"fullName":"DI Container Integration Tests Container Management should allow re-registration after clear","status":"passed","title":"should allow re-registration after clear","duration":0.14904200000000856,"failureMessages":[],"meta":{}}],"startTime":1771816269128,"endTime":1771816269135.149,"status":"passed","message":"","name":"/Users/beltrd/Desktop/projects/sentzunhat/zacatl/test/unit/dependency-injection/di-integration.test.ts"},{"assertionResults":[{"ancestorTitles":["resolveDependencies — descriptive error on missing registration"],"fullName":"resolveDependencies — descriptive error on missing registration throws an Error (not a silent default) when class is not registered","status":"passed","title":"throws an Error (not a silent default) when class is not registered","duration":4.037459000000126,"failureMessages":[],"meta":{}},{"ancestorTitles":["resolveDependencies — descriptive error on missing registration"],"fullName":"resolveDependencies — descriptive error on missing registration error message names the missing class","status":"passed","title":"error message names the missing class","duration":0.2937499999998181,"failureMessages":[],"meta":{}},{"ancestorTitles":["resolveDependencies — descriptive error on missing registration"],"fullName":"resolveDependencies — descriptive error on missing registration error message hints at @injectable decorator","status":"passed","title":"error message hints at @injectable decorator","duration":0.18720800000028248,"failureMessages":[],"meta":{}},{"ancestorTitles":["resolveDependencies — descriptive error on missing registration"],"fullName":"resolveDependencies — descriptive error on missing registration error message mentions layers config paths","status":"passed","title":"error message mentions layers config paths","duration":0.14412499999980355,"failureMessages":[],"meta":{}},{"ancestorTitles":["resolveDependencies — descriptive error on missing registration"],"fullName":"resolveDependencies — descriptive error on missing registration resolves successfully when the class is properly registered","status":"passed","title":"resolves successfully when the class is properly registered","duration":1.055500000000393,"failureMessages":[],"meta":{}},{"ancestorTitles":["resolveDependencies — descriptive error on missing registration"],"fullName":"resolveDependencies — descriptive error on missing registration stops at first failure — does not partially resolve a batch","status":"passed","title":"stops at first failure — does not partially resolve a batch","duration":0.4077499999993961,"failureMessages":[],"meta":{}}],"startTime":1771816268856,"endTime":1771816268862.4077,"status":"passed","message":"","name":"/Users/beltrd/Desktop/projects/sentzunhat/zacatl/test/unit/dependency-injection/resolve-dependencies-error.test.ts"},{"assertionResults":[{"ancestorTitles":["Platforms wrapper"],"fullName":"Platforms wrapper forwards registerEntrypoints and start to server when only server configured","status":"passed","title":"forwards registerEntrypoints and start to server when only server configured","duration":1.6873750000004293,"failureMessages":[],"meta":{}},{"ancestorTitles":["Platforms wrapper"],"fullName":"Platforms wrapper forwards to all configured platforms","status":"passed","title":"forwards to all configured platforms","duration":0.3041659999998956,"failureMessages":[],"meta":{}}],"startTime":1771816269212,"endTime":1771816269214.3042,"status":"passed","message":"","name":"/Users/beltrd/Desktop/projects/sentzunhat/zacatl/test/unit/service/platforms.test.ts"},{"assertionResults":[{"ancestorTitles":["Service (unit)"],"fullName":"Service (unit) throws when config.type is missing","status":"passed","title":"throws when config.type is missing","duration":3.609832999999526,"failureMessages":[],"meta":{}},{"ancestorTitles":["Service (unit)"],"fullName":"Service (unit) throws when ServiceType.SERVER is used without server platforms","status":"passed","title":"throws when ServiceType.SERVER is used without server platforms","duration":0.49579199999971024,"failureMessages":[],"meta":{}},{"ancestorTitles":["Service (unit)"],"fullName":"Service (unit) start() propagates platform start errors","status":"passed","title":"start() propagates platform start errors","duration":1.4121250000007421,"failureMessages":[],"meta":{}}],"startTime":1771816269610,"endTime":1771816269616.412,"status":"passed","message":"","name":"/Users/beltrd/Desktop/projects/sentzunhat/zacatl/test/unit/service/service.test.ts"},{"assertionResults":[{"ancestorTitles":["createPinoConfig"],"fullName":"createPinoConfig enables pino-pretty transport in development","status":"passed","title":"enables pino-pretty transport in development","duration":0.9525000000003274,"failureMessages":[],"meta":{}},{"ancestorTitles":["createPinoConfig"],"fullName":"createPinoConfig disables pretty transport in production","status":"passed","title":"disables pretty transport in production","duration":0.1516670000000886,"failureMessages":[],"meta":{}},{"ancestorTitles":["createPinoConfig"],"fullName":"createPinoConfig uses LOG_LEVEL env when provided","status":"passed","title":"uses LOG_LEVEL env when provided","duration":0.11991699999998673,"failureMessages":[],"meta":{}}],"startTime":1771816269227,"endTime":1771816269228.1516,"status":"passed","message":"","name":"/Users/beltrd/Desktop/projects/sentzunhat/zacatl/test/unit/logs/config.test.ts"},{"assertionResults":[{"ancestorTitles":["ConsoleLoggerAdapter"],"fullName":"ConsoleLoggerAdapter logs info with structured data","status":"passed","title":"logs info with structured data","duration":3.6861670000007507,"failureMessages":[],"meta":{}},{"ancestorTitles":["ConsoleLoggerAdapter"],"fullName":"ConsoleLoggerAdapter omits color codes when disabled","status":"passed","title":"omits color codes when disabled","duration":0.45766700000058336,"failureMessages":[],"meta":{}},{"ancestorTitles":["ConsoleLoggerAdapter"],"fullName":"ConsoleLoggerAdapter routes error and fatal to console.error","status":"passed","title":"routes error and fatal to console.error","duration":0.34945799999968585,"failureMessages":[],"meta":{}}],"startTime":1771816268818,"endTime":1771816268822.4578,"status":"passed","message":"","name":"/Users/beltrd/Desktop/projects/sentzunhat/zacatl/test/unit/logs/console-adapter.test.ts"},{"assertionResults":[{"ancestorTitles":["PinoLoggerAdapter"],"fullName":"PinoLoggerAdapter initializes pino with provided config","status":"passed","title":"initializes pino with provided config","duration":1.6628329999994094,"failureMessages":[],"meta":{}},{"ancestorTitles":["PinoLoggerAdapter"],"fullName":"PinoLoggerAdapter initializes pino with default config if none provided","status":"passed","title":"initializes pino with default config if none provided","duration":0.2539170000000013,"failureMessages":[],"meta":{}},{"ancestorTitles":["PinoLoggerAdapter"],"fullName":"PinoLoggerAdapter initializes pino with destination if provided","status":"passed","title":"initializes pino with destination if provided","duration":2.217666999999892,"failureMessages":[],"meta":{}},{"ancestorTitles":["PinoLoggerAdapter"],"fullName":"PinoLoggerAdapter forwards structured payloads to pino","status":"passed","title":"forwards structured payloads to pino","duration":0.7780000000002474,"failureMessages":[],"meta":{}},{"ancestorTitles":["PinoLoggerAdapter"],"fullName":"PinoLoggerAdapter log calls info","status":"passed","title":"log calls info","duration":0.5020000000004075,"failureMessages":[],"meta":{}},{"ancestorTitles":["PinoLoggerAdapter"],"fullName":"PinoLoggerAdapter trace calls pino trace","status":"passed","title":"trace calls pino trace","duration":0.3894159999999829,"failureMessages":[],"meta":{}},{"ancestorTitles":["PinoLoggerAdapter"],"fullName":"PinoLoggerAdapter warn calls pino warn","status":"passed","title":"warn calls pino warn","duration":0.8526249999995343,"failureMessages":[],"meta":{}},{"ancestorTitles":["PinoLoggerAdapter"],"fullName":"PinoLoggerAdapter error calls pino error","status":"passed","title":"error calls pino error","duration":0.19108299999970768,"failureMessages":[],"meta":{}},{"ancestorTitles":["PinoLoggerAdapter"],"fullName":"PinoLoggerAdapter fatal calls pino fatal","status":"passed","title":"fatal calls pino fatal","duration":0.17137499999989814,"failureMessages":[],"meta":{}},{"ancestorTitles":["PinoLoggerAdapter"],"fullName":"PinoLoggerAdapter returns underlying pino instance","status":"passed","title":"returns underlying pino instance","duration":0.24704099999962637,"failureMessages":[],"meta":{}}],"startTime":1771816268364,"endTime":1771816268372.247,"status":"passed","message":"","name":"/Users/beltrd/Desktop/projects/sentzunhat/zacatl/test/unit/logs/pino-adapter.test.ts"},{"assertionResults":[{"ancestorTitles":["Encode-Decode Utilities","encode()"],"fullName":"Encode-Decode Utilities encode() should encode string to base64 by default","status":"passed","title":"should encode string to base64 by default","duration":0.842874999999367,"failureMessages":[],"meta":{}},{"ancestorTitles":["Encode-Decode Utilities","encode()"],"fullName":"Encode-Decode Utilities encode() should encode string to hex","status":"passed","title":"should encode string to hex","duration":0.13566699999955745,"failureMessages":[],"meta":{}},{"ancestorTitles":["Encode-Decode Utilities","encode()"],"fullName":"Encode-Decode Utilities encode() should encode string to base64url","status":"passed","title":"should encode string to base64url","duration":0.11979200000041601,"failureMessages":[],"meta":{}},{"ancestorTitles":["Encode-Decode Utilities","encode()"],"fullName":"Encode-Decode Utilities encode() should encode string from utf-8 to base64","status":"passed","title":"should encode string from utf-8 to base64","duration":0.1037079999996422,"failureMessages":[],"meta":{}},{"ancestorTitles":["Encode-Decode Utilities","encode()"],"fullName":"Encode-Decode Utilities encode() should encode string from utf8 (without dash) to base64","status":"passed","title":"should encode string from utf8 (without dash) to base64","duration":0.10137499999927968,"failureMessages":[],"meta":{}},{"ancestorTitles":["Encode-Decode Utilities","encode()"],"fullName":"Encode-Decode Utilities encode() should handle empty string","status":"passed","title":"should handle empty string","duration":0.0749999999998181,"failureMessages":[],"meta":{}},{"ancestorTitles":["Encode-Decode Utilities","encode()"],"fullName":"Encode-Decode Utilities encode() should handle unicode characters","status":"passed","title":"should handle unicode characters","duration":0.14558300000044255,"failureMessages":[],"meta":{}},{"ancestorTitles":["Encode-Decode Utilities","encode()"],"fullName":"Encode-Decode Utilities encode() should handle latin1 encoding","status":"passed","title":"should handle latin1 encoding","duration":0.0773749999998472,"failureMessages":[],"meta":{}},{"ancestorTitles":["Encode-Decode Utilities","encode()"],"fullName":"Encode-Decode Utilities encode() should encode with ascii encoding","status":"passed","title":"should encode with ascii encoding","duration":0.089125000000422,"failureMessages":[],"meta":{}},{"ancestorTitles":["Encode-Decode Utilities","encode()"],"fullName":"Encode-Decode Utilities encode() should encode binary data","status":"passed","title":"should encode binary data","duration":0.1045830000002752,"failureMessages":[],"meta":{}},{"ancestorTitles":["Encode-Decode Utilities","decode()"],"fullName":"Encode-Decode Utilities decode() should decode base64 to utf-8 by default","status":"passed","title":"should decode base64 to utf-8 by default","duration":0.082749999999578,"failureMessages":[],"meta":{}},{"ancestorTitles":["Encode-Decode Utilities","decode()"],"fullName":"Encode-Decode Utilities decode() should decode hex to utf-8","status":"passed","title":"should decode hex to utf-8","duration":0.06779199999982666,"failureMessages":[],"meta":{}},{"ancestorTitles":["Encode-Decode Utilities","decode()"],"fullName":"Encode-Decode Utilities decode() should decode base64url to utf-8","status":"passed","title":"should decode base64url to utf-8","duration":0.06429200000002311,"failureMessages":[],"meta":{}},{"ancestorTitles":["Encode-Decode Utilities","decode()"],"fullName":"Encode-Decode Utilities decode() should decode base64 to utf8 (without dash)","status":"passed","title":"should decode base64 to utf8 (without dash)","duration":0.06554199999936827,"failureMessages":[],"meta":{}},{"ancestorTitles":["Encode-Decode Utilities","decode()"],"fullName":"Encode-Decode Utilities decode() should handle empty string","status":"passed","title":"should handle empty string","duration":0.058167000000139524,"failureMessages":[],"meta":{}},{"ancestorTitles":["Encode-Decode Utilities","decode()"],"fullName":"Encode-Decode Utilities decode() should decode unicode characters","status":"passed","title":"should decode unicode characters","duration":0.08120899999994435,"failureMessages":[],"meta":{}},{"ancestorTitles":["Encode-Decode Utilities","decode()"],"fullName":"Encode-Decode Utilities decode() should decode hex to ascii","status":"passed","title":"should decode hex to ascii","duration":0.06291700000019773,"failureMessages":[],"meta":{}},{"ancestorTitles":["Encode-Decode Utilities","decode()"],"fullName":"Encode-Decode Utilities decode() should decode binary data","status":"passed","title":"should decode binary data","duration":0.06091700000069977,"failureMessages":[],"meta":{}},{"ancestorTitles":["Encode-Decode Utilities","decode()"],"fullName":"Encode-Decode Utilities decode() should decode latin1","status":"passed","title":"should decode latin1","duration":0.06754200000068522,"failureMessages":[],"meta":{}},{"ancestorTitles":["Encode-Decode Utilities","Round-trip encoding/decoding"],"fullName":"Encode-Decode Utilities Round-trip encoding/decoding should encode and decode utf-8 text","status":"passed","title":"should encode and decode utf-8 text","duration":0.07387500000004366,"failureMessages":[],"meta":{}},{"ancestorTitles":["Encode-Decode Utilities","Round-trip encoding/decoding"],"fullName":"Encode-Decode Utilities Round-trip encoding/decoding should encode and decode unicode text","status":"passed","title":"should encode and decode unicode text","duration":0.07841699999971752,"failureMessages":[],"meta":{}},{"ancestorTitles":["Encode-Decode Utilities","Round-trip encoding/decoding"],"fullName":"Encode-Decode Utilities Round-trip encoding/decoding should encode and decode hex","status":"passed","title":"should encode and decode hex","duration":0.06829100000049948,"failureMessages":[],"meta":{}},{"ancestorTitles":["Encode-Decode Utilities","Round-trip encoding/decoding"],"fullName":"Encode-Decode Utilities Round-trip encoding/decoding should encode and decode complex strings","status":"passed","title":"should encode and decode complex strings","duration":0.07150000000001455,"failureMessages":[],"meta":{}},{"ancestorTitles":["Encode-Decode Utilities","Round-trip encoding/decoding"],"fullName":"Encode-Decode Utilities Round-trip encoding/decoding should handle multi-format conversions","status":"passed","title":"should handle multi-format conversions","duration":0.08533299999999144,"failureMessages":[],"meta":{}}],"startTime":1771816269045,"endTime":1771816269048.0854,"status":"passed","message":"","name":"/Users/beltrd/Desktop/projects/sentzunhat/zacatl/test/unit/utils/encode-decode.test.ts"},{"assertionResults":[{"ancestorTitles":["Error Guard Utilities","isError()"],"fullName":"Error Guard Utilities isError() should identify standard Error instances","status":"passed","title":"should identify standard Error instances","duration":0.8832089999996242,"failureMessages":[],"meta":{}},{"ancestorTitles":["Error Guard Utilities","isError()"],"fullName":"Error Guard Utilities isError() should identify TypeError instances","status":"passed","title":"should identify TypeError instances","duration":0.1266249999998763,"failureMessages":[],"meta":{}},{"ancestorTitles":["Error Guard Utilities","isError()"],"fullName":"Error Guard Utilities isError() should identify ReferenceError instances","status":"passed","title":"should identify ReferenceError instances","duration":0.122958999999355,"failureMessages":[],"meta":{}},{"ancestorTitles":["Error Guard Utilities","isError()"],"fullName":"Error Guard Utilities isError() should reject null","status":"passed","title":"should reject null","duration":0.10129199999937555,"failureMessages":[],"meta":{}},{"ancestorTitles":["Error Guard Utilities","isError()"],"fullName":"Error Guard Utilities isError() should reject undefined","status":"passed","title":"should reject undefined","duration":0.09537499999987631,"failureMessages":[],"meta":{}},{"ancestorTitles":["Error Guard Utilities","isError()"],"fullName":"Error Guard Utilities isError() should reject plain objects","status":"passed","title":"should reject plain objects","duration":0.07304199999998673,"failureMessages":[],"meta":{}},{"ancestorTitles":["Error Guard Utilities","isError()"],"fullName":"Error Guard Utilities isError() should reject strings","status":"passed","title":"should reject strings","duration":0.06587499999932334,"failureMessages":[],"meta":{}},{"ancestorTitles":["Error Guard Utilities","isError()"],"fullName":"Error Guard Utilities isError() should reject numbers","status":"passed","title":"should reject numbers","duration":0.062166000000615895,"failureMessages":[],"meta":{}},{"ancestorTitles":["Error Guard Utilities","isError()"],"fullName":"Error Guard Utilities isError() should identify SyntaxError","status":"passed","title":"should identify SyntaxError","duration":0.09575000000040745,"failureMessages":[],"meta":{}},{"ancestorTitles":["Error Guard Utilities","isZodError()"],"fullName":"Error Guard Utilities isZodError() should identify ZodError from schema validation","status":"passed","title":"should identify ZodError from schema validation","duration":2.0058749999998327,"failureMessages":[],"meta":{}},{"ancestorTitles":["Error Guard Utilities","isZodError()"],"fullName":"Error Guard Utilities isZodError() should identify ZodError with multiple validation failures","status":"passed","title":"should identify ZodError with multiple validation failures","duration":0.9639580000002752,"failureMessages":[],"meta":{}},{"ancestorTitles":["Error Guard Utilities","isZodError()"],"fullName":"Error Guard Utilities isZodError() should reject regular Error instances","status":"passed","title":"should reject regular Error instances","duration":0.08758299999954033,"failureMessages":[],"meta":{}},{"ancestorTitles":["Error Guard Utilities","isZodError()"],"fullName":"Error Guard Utilities isZodError() should reject plain objects without ZodError structure","status":"passed","title":"should reject plain objects without ZodError structure","duration":0.06870800000069721,"failureMessages":[],"meta":{}},{"ancestorTitles":["Error Guard Utilities","isZodError()"],"fullName":"Error Guard Utilities isZodError() should reject null","status":"passed","title":"should reject null","duration":0.06362499999977445,"failureMessages":[],"meta":{}},{"ancestorTitles":["Error Guard Utilities","isZodError()"],"fullName":"Error Guard Utilities isZodError() should reject undefined","status":"passed","title":"should reject undefined","duration":0.06237500000042928,"failureMessages":[],"meta":{}},{"ancestorTitles":["Error Guard Utilities","isZodError()"],"fullName":"Error Guard Utilities isZodError() should reject objects with name field but not ZodError","status":"passed","title":"should reject objects with name field but not ZodError","duration":0.06466600000021572,"failureMessages":[],"meta":{}},{"ancestorTitles":["Error Guard Utilities","isCustomError()"],"fullName":"Error Guard Utilities isCustomError() should identify CustomError instances","status":"passed","title":"should identify CustomError instances","duration":0.3610420000004524,"failureMessages":[],"meta":{}},{"ancestorTitles":["Error Guard Utilities","isCustomError()"],"fullName":"Error Guard Utilities isCustomError() should identify CustomError with correlation ID","status":"passed","title":"should identify CustomError with correlation ID","duration":0.0873329999994894,"failureMessages":[],"meta":{}},{"ancestorTitles":["Error Guard Utilities","isCustomError()"],"fullName":"Error Guard Utilities isCustomError() should identify CustomError with metadata","status":"passed","title":"should identify CustomError with metadata","duration":0.08716699999968114,"failureMessages":[],"meta":{}},{"ancestorTitles":["Error Guard Utilities","isCustomError()"],"fullName":"Error Guard Utilities isCustomError() should reject regular Error instances","status":"passed","title":"should reject regular Error instances","duration":0.06887499999993452,"failureMessages":[],"meta":{}},{"ancestorTitles":["Error Guard Utilities","isCustomError()"],"fullName":"Error Guard Utilities isCustomError() should reject objects with code but not Error instances","status":"passed","title":"should reject objects with code but not Error instances","duration":0.06379099999958271,"failureMessages":[],"meta":{}},{"ancestorTitles":["Error Guard Utilities","isCustomError()"],"fullName":"Error Guard Utilities isCustomError() should reject null","status":"passed","title":"should reject null","duration":0.06829199999992852,"failureMessages":[],"meta":{}},{"ancestorTitles":["Error Guard Utilities","isCustomError()"],"fullName":"Error Guard Utilities isCustomError() should reject undefined","status":"passed","title":"should reject undefined","duration":0.059500000000298314,"failureMessages":[],"meta":{}},{"ancestorTitles":["Error Guard Utilities","isCustomError()"],"fullName":"Error Guard Utilities isCustomError() should reject plain objects","status":"passed","title":"should reject plain objects","duration":0.07099999999991269,"failureMessages":[],"meta":{}},{"ancestorTitles":["Error Guard Utilities","isNodeError()"],"fullName":"Error Guard Utilities isNodeError() should identify Node.js filesystem errors","status":"passed","title":"should identify Node.js filesystem errors","duration":0.08962499999961437,"failureMessages":[],"meta":{}},{"ancestorTitles":["Error Guard Utilities","isNodeError()"],"fullName":"Error Guard Utilities isNodeError() should identify Error with code property","status":"passed","title":"should identify Error with code property","duration":0.07354200000008859,"failureMessages":[],"meta":{}},{"ancestorTitles":["Error Guard Utilities","isNodeError()"],"fullName":"Error Guard Utilities isNodeError() should identify Error with errno property","status":"passed","title":"should identify Error with errno property","duration":0.06791599999996834,"failureMessages":[],"meta":{}},{"ancestorTitles":["Error Guard Utilities","isNodeError()"],"fullName":"Error Guard Utilities isNodeError() should identify Error with syscall property","status":"passed","title":"should identify Error with syscall property","duration":0.07341700000051787,"failureMessages":[],"meta":{}},{"ancestorTitles":["Error Guard Utilities","isNodeError()"],"fullName":"Error Guard Utilities isNodeError() should reject regular Error without properties","status":"passed","title":"should reject regular Error without properties","duration":0.06391700000040146,"failureMessages":[],"meta":{}},{"ancestorTitles":["Error Guard Utilities","isNodeError()"],"fullName":"Error Guard Utilities isNodeError() should reject non-Error objects with code property","status":"passed","title":"should reject non-Error objects with code property","duration":0.0582910000002812,"failureMessages":[],"meta":{}},{"ancestorTitles":["Error Guard Utilities","isNodeError()"],"fullName":"Error Guard Utilities isNodeError() should reject null","status":"passed","title":"should reject null","duration":0.055291000000579515,"failureMessages":[],"meta":{}},{"ancestorTitles":["Error Guard Utilities","isNodeError()"],"fullName":"Error Guard Utilities isNodeError() should reject undefined","status":"passed","title":"should reject undefined","duration":0.05574999999953434,"failureMessages":[],"meta":{}},{"ancestorTitles":["Error Guard Utilities","isNodeError()"],"fullName":"Error Guard Utilities isNodeError() should handle combined error properties","status":"passed","title":"should handle combined error properties","duration":0.06495799999993324,"failureMessages":[],"meta":{}},{"ancestorTitles":["Error Guard Utilities","isSyntaxError()"],"fullName":"Error Guard Utilities isSyntaxError() should identify SyntaxError from JSON parsing","status":"passed","title":"should identify SyntaxError from JSON parsing","duration":0.08716699999968114,"failureMessages":[],"meta":{}},{"ancestorTitles":["Error Guard Utilities","isSyntaxError()"],"fullName":"Error Guard Utilities isSyntaxError() should identify manually created SyntaxError","status":"passed","title":"should identify manually created SyntaxError","duration":0.0634170000002996,"failureMessages":[],"meta":{}},{"ancestorTitles":["Error Guard Utilities","isSyntaxError()"],"fullName":"Error Guard Utilities isSyntaxError() should reject regular Error","status":"passed","title":"should reject regular Error","duration":0.06025000000045111,"failureMessages":[],"meta":{}},{"ancestorTitles":["Error Guard Utilities","isSyntaxError()"],"fullName":"Error Guard Utilities isSyntaxError() should reject TypeError","status":"passed","title":"should reject TypeError","duration":0.06133299999964947,"failureMessages":[],"meta":{}},{"ancestorTitles":["Error Guard Utilities","isSyntaxError()"],"fullName":"Error Guard Utilities isSyntaxError() should reject null","status":"passed","title":"should reject null","duration":0.05525000000034197,"failureMessages":[],"meta":{}},{"ancestorTitles":["Error Guard Utilities","isSyntaxError()"],"fullName":"Error Guard Utilities isSyntaxError() should reject undefined","status":"passed","title":"should reject undefined","duration":0.055583000000297034,"failureMessages":[],"meta":{}},{"ancestorTitles":["Error Guard Utilities","isSyntaxError()"],"fullName":"Error Guard Utilities isSyntaxError() should reject plain objects","status":"passed","title":"should reject plain objects","duration":0.055209000000104425,"failureMessages":[],"meta":{}},{"ancestorTitles":["Error Guard Utilities","isSyntaxError()"],"fullName":"Error Guard Utilities isSyntaxError() should identify SyntaxError with custom message","status":"passed","title":"should identify SyntaxError with custom message","duration":0.06149999999979627,"failureMessages":[],"meta":{}},{"ancestorTitles":["Error Guard Utilities","Error guard combinations"],"fullName":"Error Guard Utilities Error guard combinations should identify CustomError and reject as ZodError","status":"passed","title":"should identify CustomError and reject as ZodError","duration":0.09324999999989814,"failureMessages":[],"meta":{}},{"ancestorTitles":["Error Guard Utilities","Error guard combinations"],"fullName":"Error Guard Utilities Error guard combinations should handle error chains","status":"passed","title":"should handle error chains","duration":0.1274169999996957,"failureMessages":[],"meta":{}},{"ancestorTitles":["Error Guard Utilities","Error guard combinations"],"fullName":"Error Guard Utilities Error guard combinations should correctly identify various error types in array","status":"passed","title":"should correctly identify various error types in array","duration":0.12791599999945902,"failureMessages":[],"meta":{}}],"startTime":1771816268310,"endTime":1771816268318.128,"status":"passed","message":"","name":"/Users/beltrd/Desktop/projects/sentzunhat/zacatl/test/unit/utils/error-guards.test.ts"},{"assertionResults":[{"ancestorTitles":["HMAC Utilities","generateHmac()"],"fullName":"HMAC Utilities generateHmac() should generate HMAC with default SHA256 and hex encoding","status":"passed","title":"should generate HMAC with default SHA256 and hex encoding","duration":2.477958999999828,"failureMessages":[],"meta":{}},{"ancestorTitles":["HMAC Utilities","generateHmac()"],"fullName":"HMAC Utilities generateHmac() should generate consistent HMACs for same inputs","status":"passed","title":"should generate consistent HMACs for same inputs","duration":0.186916999999994,"failureMessages":[],"meta":{}},{"ancestorTitles":["HMAC Utilities","generateHmac()"],"fullName":"HMAC Utilities generateHmac() should generate different HMACs for different messages","status":"passed","title":"should generate different HMACs for different messages","duration":0.4700830000001588,"failureMessages":[],"meta":{}},{"ancestorTitles":["HMAC Utilities","generateHmac()"],"fullName":"HMAC Utilities generateHmac() should generate different HMACs for different secret keys","status":"passed","title":"should generate different HMACs for different secret keys","duration":0.2415000000000873,"failureMessages":[],"meta":{}},{"ancestorTitles":["HMAC Utilities","generateHmac()"],"fullName":"HMAC Utilities generateHmac() should support SHA512 algorithm","status":"passed","title":"should support SHA512 algorithm","duration":1.2559160000000702,"failureMessages":[],"meta":{}},{"ancestorTitles":["HMAC Utilities","generateHmac()"],"fullName":"HMAC Utilities generateHmac() should support SHA1 algorithm","status":"passed","title":"should support SHA1 algorithm","duration":0.508958999999777,"failureMessages":[],"meta":{}},{"ancestorTitles":["HMAC Utilities","generateHmac()"],"fullName":"HMAC Utilities generateHmac() should support MD5 algorithm","status":"passed","title":"should support MD5 algorithm","duration":0.6745419999997466,"failureMessages":[],"meta":{}},{"ancestorTitles":["HMAC Utilities","generateHmac()"],"fullName":"HMAC Utilities generateHmac() should generate HMAC in base64 encoding","status":"passed","title":"should generate HMAC in base64 encoding","duration":0.20750000000043656,"failureMessages":[],"meta":{}},{"ancestorTitles":["HMAC Utilities","generateHmac()"],"fullName":"HMAC Utilities generateHmac() should generate HMAC in base64url encoding","status":"passed","title":"should generate HMAC in base64url encoding","duration":0.151332999999795,"failureMessages":[],"meta":{}},{"ancestorTitles":["HMAC Utilities","generateHmac()"],"fullName":"HMAC Utilities generateHmac() should support empty message","status":"passed","title":"should support empty message","duration":0.16470900000058464,"failureMessages":[],"meta":{}},{"ancestorTitles":["HMAC Utilities","generateHmac()"],"fullName":"HMAC Utilities generateHmac() should support empty secret key","status":"passed","title":"should support empty secret key","duration":0.12283300000035524,"failureMessages":[],"meta":{}},{"ancestorTitles":["HMAC Utilities","generateHmac()"],"fullName":"HMAC Utilities generateHmac() should handle unicode characters in message","status":"passed","title":"should handle unicode characters in message","duration":0.11270799999965675,"failureMessages":[],"meta":{}},{"ancestorTitles":["HMAC Utilities","generateHmac()"],"fullName":"HMAC Utilities generateHmac() should handle unicode characters in secret key","status":"passed","title":"should handle unicode characters in secret key","duration":0.12854200000037963,"failureMessages":[],"meta":{}},{"ancestorTitles":["HMAC Utilities","generateHmac()"],"fullName":"HMAC Utilities generateHmac() should handle very long messages","status":"passed","title":"should handle very long messages","duration":0.13624999999956344,"failureMessages":[],"meta":{}},{"ancestorTitles":["HMAC Utilities","generateHmac()"],"fullName":"HMAC Utilities generateHmac() should handle very long secret keys","status":"passed","title":"should handle very long secret keys","duration":0.11604199999965203,"failureMessages":[],"meta":{}},{"ancestorTitles":["HMAC Utilities","generateHmac()"],"fullName":"HMAC Utilities generateHmac() should handle special characters in message","status":"passed","title":"should handle special characters in message","duration":0.09333300000071176,"failureMessages":[],"meta":{}},{"ancestorTitles":["HMAC Utilities","generateHmac()"],"fullName":"HMAC Utilities generateHmac() should handle special characters in secret key","status":"passed","title":"should handle special characters in secret key","duration":0.11000000000058208,"failureMessages":[],"meta":{}},{"ancestorTitles":["HMAC Utilities","generateHmac()"],"fullName":"HMAC Utilities generateHmac() should produce hex output with lowercase characters","status":"passed","title":"should produce hex output with lowercase characters","duration":0.09204099999988102,"failureMessages":[],"meta":{}},{"ancestorTitles":["HMAC Utilities","generateHmac()"],"fullName":"HMAC Utilities generateHmac() should combine SHA512 with base64 encoding","status":"passed","title":"should combine SHA512 with base64 encoding","duration":0.17395800000031159,"failureMessages":[],"meta":{}},{"ancestorTitles":["HMAC Utilities","generateHmac()"],"fullName":"HMAC Utilities generateHmac() should combine SHA512 with base64url encoding","status":"passed","title":"should combine SHA512 with base64url encoding","duration":0.12874999999985448,"failureMessages":[],"meta":{}},{"ancestorTitles":["HMAC Utilities","generateHmac()"],"fullName":"HMAC Utilities generateHmac() should combine MD5 with base64 encoding","status":"passed","title":"should combine MD5 with base64 encoding","duration":0.09337499999946886,"failureMessages":[],"meta":{}},{"ancestorTitles":["HMAC Utilities","generateHmac()"],"fullName":"HMAC Utilities generateHmac() should produce known HMAC values (test vector)","status":"passed","title":"should produce known HMAC values (test vector)","duration":0.11837500000001455,"failureMessages":[],"meta":{}},{"ancestorTitles":["HMAC Utilities","generateHmac()"],"fullName":"HMAC Utilities generateHmac() should produce different outputs for different algorithms","status":"passed","title":"should produce different outputs for different algorithms","duration":0.2658339999998134,"failureMessages":[],"meta":{}},{"ancestorTitles":["HMAC Utilities","generateHmac()"],"fullName":"HMAC Utilities generateHmac() should work for API signature verification use case","status":"passed","title":"should work for API signature verification use case","duration":0.11566599999969185,"failureMessages":[],"meta":{}},{"ancestorTitles":["HMAC Utilities","generateHmac()"],"fullName":"HMAC Utilities generateHmac() should work for webhook payload signing","status":"passed","title":"should work for webhook payload signing","duration":0.11704199999985576,"failureMessages":[],"meta":{}}],"startTime":1771816268916,"endTime":1771816268925.2659,"status":"passed","message":"","name":"/Users/beltrd/Desktop/projects/sentzunhat/zacatl/test/unit/utils/hmac.test.ts"},{"assertionResults":[{"ancestorTitles":["i18n-node core"],"fullName":"i18n-node core loadStaticCatalog reads available locale files","status":"passed","title":"loadStaticCatalog reads available locale files","duration":9.330999999999221,"failureMessages":[],"meta":{}},{"ancestorTitles":["i18n-node core"],"fullName":"i18n-node core mergeStaticCatalogs merges and respects overrideBuiltIn flag","status":"passed","title":"mergeStaticCatalogs merges and respects overrideBuiltIn flag","duration":0.6559999999999491,"failureMessages":[],"meta":{}}],"startTime":1771816267740,"endTime":1771816267749.656,"status":"passed","message":"","name":"/Users/beltrd/Desktop/projects/sentzunhat/zacatl/test/unit/localization/node/core.test.ts"},{"assertionResults":[{"ancestorTitles":["i18n-node helpers"],"fullName":"i18n-node helpers isPlainObject detects plain objects correctly","status":"passed","title":"isPlainObject detects plain objects correctly","duration":2.881000000000313,"failureMessages":[],"meta":{}},{"ancestorTitles":["i18n-node helpers"],"fullName":"i18n-node helpers deepMerge merges nested objects and overrides primitives","status":"passed","title":"deepMerge merges nested objects and overrides primitives","duration":0.27595800000017334,"failureMessages":[],"meta":{}},{"ancestorTitles":["i18n-node helpers"],"fullName":"i18n-node helpers readJsonFile returns object when JSON file contains an object","status":"passed","title":"readJsonFile returns object when JSON file contains an object","duration":0.8507499999996071,"failureMessages":[],"meta":{}},{"ancestorTitles":["i18n-node helpers"],"fullName":"i18n-node helpers readJsonFile throws BadRequestError for non-object JSON","status":"passed","title":"readJsonFile throws BadRequestError for non-object JSON","duration":1.0151250000008076,"failureMessages":[],"meta":{}},{"ancestorTitles":["i18n-node helpers"],"fullName":"i18n-node helpers findExistingDir returns first existing directory or null","status":"passed","title":"findExistingDir returns first existing directory or null","duration":0.5989160000008269,"failureMessages":[],"meta":{}}],"startTime":1771816267612,"endTime":1771816267617.5989,"status":"passed","message":"","name":"/Users/beltrd/Desktop/projects/sentzunhat/zacatl/test/unit/localization/node/helpers.test.ts"},{"assertionResults":[{"ancestorTitles":["Layer Composition Utilities","registerDependencies"],"fullName":"Layer Composition Utilities registerDependencies should register each dependency with the container","status":"passed","title":"should register each dependency with the container","duration":2.48700000000008,"failureMessages":[],"meta":{}},{"ancestorTitles":["Layer Composition Utilities","registerDependencies"],"fullName":"Layer Composition Utilities registerDependencies should handle empty array","status":"passed","title":"should handle empty array","duration":0.27120799999920564,"failureMessages":[],"meta":{}},{"ancestorTitles":["Layer Composition Utilities","registerAndResolve"],"fullName":"Layer Composition Utilities registerAndResolve should register dependencies and return resolved instances","status":"passed","title":"should register dependencies and return resolved instances","duration":0.9246249999996508,"failureMessages":[],"meta":{}},{"ancestorTitles":["Layer Composition Utilities","registerAndResolve"],"fullName":"Layer Composition Utilities registerAndResolve should return array of resolved instances in order","status":"passed","title":"should return array of resolved instances in order","duration":0.2771659999998519,"failureMessages":[],"meta":{}},{"ancestorTitles":["Layer Composition Utilities","registerAndResolve"],"fullName":"Layer Composition Utilities registerAndResolve should return empty array for empty input","status":"passed","title":"should return empty array for empty input","duration":0.12966700000015408,"failureMessages":[],"meta":{}}],"startTime":1771816269079,"endTime":1771816269083.277,"status":"passed","message":"","name":"/Users/beltrd/Desktop/projects/sentzunhat/zacatl/test/unit/service/layers/architecture.test.ts"},{"assertionResults":[{"ancestorTitles":["Layer Registration Pattern"],"fullName":"Layer Registration Pattern should register and resolve dependencies in correct order","status":"passed","title":"should register and resolve dependencies in correct order","duration":1.3325839999997697,"failureMessages":[],"meta":{}},{"ancestorTitles":["Layer Registration Pattern"],"fullName":"Layer Registration Pattern should support registerAndResolve convenience function","status":"passed","title":"should support registerAndResolve convenience function","duration":0.3230830000002243,"failureMessages":[],"meta":{}},{"ancestorTitles":["Layer Registration Pattern"],"fullName":"Layer Registration Pattern should handle multiple dependencies in single call","status":"passed","title":"should handle multiple dependencies in single call","duration":1.2934580000001006,"failureMessages":[],"meta":{}},{"ancestorTitles":["Layer Registration Pattern"],"fullName":"Layer Registration Pattern should maintain instance order","status":"passed","title":"should maintain instance order","duration":0.5533750000004147,"failureMessages":[],"meta":{}}],"startTime":1771816268682,"endTime":1771816268685.5535,"status":"passed","message":"","name":"/Users/beltrd/Desktop/projects/sentzunhat/zacatl/test/unit/service/layers/layer-registration.test.ts"},{"assertionResults":[{"ancestorTitles":["Infrastructure"],"fullName":"Infrastructure should store the configuration passed in the constructor","status":"passed","title":"should store the configuration passed in the constructor","duration":15.88879100000031,"failureMessages":[],"meta":{}},{"ancestorTitles":["Infrastructure"],"fullName":"Infrastructure should register dependencies on construction (new pattern)","status":"passed","title":"should register dependencies on construction (new pattern)","duration":5.6487090000000535,"failureMessages":[],"meta":{}},{"ancestorTitles":["Infrastructure"],"fullName":"Infrastructure start() method exists for interface compatibility","status":"passed","title":"start() method exists for interface compatibility","duration":7.686125000000175,"failureMessages":[],"meta":{}}],"startTime":1771816269006,"endTime":1771816269041.686,"status":"passed","message":"","name":"/Users/beltrd/Desktop/projects/sentzunhat/zacatl/test/unit/service/layers/infrastructure/infrastructure.test.ts"},{"assertionResults":[{"ancestorTitles":["CLI.start() — not implemented"],"fullName":"CLI.start() — not implemented throws an InternalServerError with a clear message","status":"passed","title":"throws an InternalServerError with a clear message","duration":1.5565420000002632,"failureMessages":[],"meta":{}},{"ancestorTitles":["CLI.start() — not implemented"],"fullName":"CLI.start() — not implemented error message mentions the CLI platform name","status":"passed","title":"error message mentions the CLI platform name","duration":0.20487500000035652,"failureMessages":[],"meta":{}},{"ancestorTitles":["CLI.start() — not implemented"],"fullName":"CLI.start() — not implemented error message hints at v0.1.0 timeline","status":"passed","title":"error message hints at v0.1.0 timeline","duration":0.15979200000037963,"failureMessages":[],"meta":{}},{"ancestorTitles":["CLI.start() — not implemented"],"fullName":"CLI.start() — not implemented stop() resolves without throwing","status":"passed","title":"stop() resolves without throwing","duration":0.24270900000010442,"failureMessages":[],"meta":{}},{"ancestorTitles":["Desktop.start() — not implemented"],"fullName":"Desktop.start() — not implemented throws an InternalServerError with a clear message","status":"passed","title":"throws an InternalServerError with a clear message","duration":0.19099999999980355,"failureMessages":[],"meta":{}},{"ancestorTitles":["Desktop.start() — not implemented"],"fullName":"Desktop.start() — not implemented error message mentions the window title and platform","status":"passed","title":"error message mentions the window title and platform","duration":0.14754100000027393,"failureMessages":[],"meta":{}},{"ancestorTitles":["Desktop.start() — not implemented"],"fullName":"Desktop.start() — not implemented error message hints at v0.1.0 timeline","status":"passed","title":"error message hints at v0.1.0 timeline","duration":0.10662500000034925,"failureMessages":[],"meta":{}},{"ancestorTitles":["Desktop.start() — not implemented"],"fullName":"Desktop.start() — not implemented stop() resolves without throwing","status":"passed","title":"stop() resolves without throwing","duration":0.09741600000052131,"failureMessages":[],"meta":{}}],"startTime":1771816269076,"endTime":1771816269079.1475,"status":"passed","message":"","name":"/Users/beltrd/Desktop/projects/sentzunhat/zacatl/test/unit/service/layers/platform/cli-desktop-not-implemented.test.ts"},{"assertionResults":[{"ancestorTitles":["ESM Adapter Loading","Synchronous Initialization"],"fullName":"ESM Adapter Loading Synchronous Initialization should create repository and initialize adapter synchronously","status":"passed","title":"should create repository and initialize adapter synchronously","duration":5.77599999999984,"failureMessages":[],"meta":{}},{"ancestorTitles":["ESM Adapter Loading","Synchronous Initialization"],"fullName":"ESM Adapter Loading Synchronous Initialization should make model available immediately after construction","status":"passed","title":"should make model available immediately after construction","duration":3.1678329999995185,"failureMessages":[],"meta":{}},{"ancestorTitles":["ESM Adapter Loading","Synchronous Initialization"],"fullName":"ESM Adapter Loading Synchronous Initialization should allow toLean to be called immediately","status":"passed","title":"should allow toLean to be called immediately","duration":0.44974999999976717,"failureMessages":[],"meta":{}},{"ancestorTitles":["ESM Adapter Loading","Adapter Error Handling"],"fullName":"ESM Adapter Loading Adapter Error Handling should handle errors during adapter construction","status":"passed","title":"should handle errors during adapter construction","duration":0.23783300000013696,"failureMessages":[],"meta":{}},{"ancestorTitles":["ESM Adapter Loading","Adapter Error Handling"],"fullName":"ESM Adapter Loading Adapter Error Handling should use static imports for adapters","status":"passed","title":"should use static imports for adapters","duration":1.1306249999997817,"failureMessages":[],"meta":{}},{"ancestorTitles":["ESM Adapter Loading","Repository Operations"],"fullName":"ESM Adapter Loading Repository Operations should allow async methods to be called immediately","status":"passed","title":"should allow async methods to be called immediately","duration":6.105208000000857,"failureMessages":[],"meta":{}},{"ancestorTitles":["ESM Adapter Loading","Concurrent Operations"],"fullName":"ESM Adapter Loading Concurrent Operations should handle multiple concurrent calls without initialization races","status":"passed","title":"should handle multiple concurrent calls without initialization races","duration":0.8970829999998386,"failureMessages":[],"meta":{}}],"startTime":1771816268147,"endTime":1771816268165.897,"status":"passed","message":"","name":"/Users/beltrd/Desktop/projects/sentzunhat/zacatl/test/unit/service/layers/infrastructure/orm/esm-adapter-loading.test.ts"},{"assertionResults":[{"ancestorTitles":["Application"],"fullName":"Application should register hook and route handlers on construction (new pattern)","status":"passed","title":"should register hook and route handlers on construction (new pattern)","duration":2.739542000000256,"failureMessages":[],"meta":{}}],"startTime":1771816269234,"endTime":1771816269236.7395,"status":"passed","message":"","name":"/Users/beltrd/Desktop/projects/sentzunhat/zacatl/test/unit/service/layers/application/application.test.ts"},{"assertionResults":[{"ancestorTitles":["BaseRepository"],"fullName":"BaseRepository should create a model using the provided name and schema","status":"passed","title":"should create a model using the provided name and schema","duration":554.5447089999998,"failureMessages":[],"meta":{}},{"ancestorTitles":["BaseRepository"],"fullName":"BaseRepository should call create() and return the created user document","status":"passed","title":"should call create() and return the created user document","duration":6.127790999999888,"failureMessages":[],"meta":{}},{"ancestorTitles":["BaseRepository"],"fullName":"BaseRepository should call findById() and return the user document","status":"passed","title":"should call findById() and return the user document","duration":9.016166999999768,"failureMessages":[],"meta":{}},{"ancestorTitles":["BaseRepository"],"fullName":"BaseRepository should call update() and return the updated user document","status":"passed","title":"should call update() and return the updated user document","duration":8.098625000000538,"failureMessages":[],"meta":{}},{"ancestorTitles":["BaseRepository"],"fullName":"BaseRepository should call delete() and return the deleted user document","status":"passed","title":"should call delete() and return the deleted user document","duration":2.8724169999995866,"failureMessages":[],"meta":{}}],"startTime":1771816268067,"endTime":1771816268647.8723,"status":"passed","message":"","name":"/Users/beltrd/Desktop/projects/sentzunhat/zacatl/test/unit/service/layers/infrastructure/repositories/abstract.test.ts"},{"assertionResults":[{"ancestorTitles":["Mongoose + mongodb-memory-server extended operations"],"fullName":"Mongoose + mongodb-memory-server extended operations supports unique index violations and validation","status":"passed","title":"supports unique index violations and validation","duration":1407.2584160000001,"failureMessages":[],"meta":{}},{"ancestorTitles":["Mongoose + mongodb-memory-server extended operations"],"fullName":"Mongoose + mongodb-memory-server extended operations supports populate, updateMany, aggregate and countDocuments","status":"passed","title":"supports populate, updateMany, aggregate and countDocuments","duration":677.6303329999992,"failureMessages":[],"meta":{}}],"startTime":1771816267273,"endTime":1771816269358.6304,"status":"passed","message":"","name":"/Users/beltrd/Desktop/projects/sentzunhat/zacatl/test/unit/service/layers/infrastructure/repositories/mongoose-mem-extended.test.ts"},{"assertionResults":[{"ancestorTitles":["MongooseRepository (mongodb-memory-server)"],"fullName":"MongooseRepository (mongodb-memory-server) creates and finds a document","status":"passed","title":"creates and finds a document","duration":183.399042,"failureMessages":[],"meta":{}},{"ancestorTitles":["MongooseRepository (mongodb-memory-server)"],"fullName":"MongooseRepository (mongodb-memory-server) updates and deletes a document","status":"passed","title":"updates and deletes a document","duration":14.680916000000252,"failureMessages":[],"meta":{}}],"startTime":1771816268048,"endTime":1771816268246.681,"status":"passed","message":"","name":"/Users/beltrd/Desktop/projects/sentzunhat/zacatl/test/unit/service/layers/infrastructure/repositories/mongoose-mem.test.ts"},{"assertionResults":[{"ancestorTitles":["MongooseRepository","model initialization"],"fullName":"MongooseRepository model initialization should create a model with provided name and schema","status":"passed","title":"should create a model with provided name and schema","duration":599.0521669999998,"failureMessages":[],"meta":{}},{"ancestorTitles":["MongooseRepository","model initialization"],"fullName":"MongooseRepository model initialization should be lazy-loaded (null until first access)","status":"passed","title":"should be lazy-loaded (null until first access)","duration":0.13075000000026193,"failureMessages":[],"meta":{}},{"ancestorTitles":["MongooseRepository","toLean"],"fullName":"MongooseRepository toLean should convert Mongoose document to lean output","status":"passed","title":"should convert Mongoose document to lean output","duration":1.578750000000582,"failureMessages":[],"meta":{}},{"ancestorTitles":["MongooseRepository","toLean"],"fullName":"MongooseRepository toLean should return null for null/undefined input","status":"passed","title":"should return null for null/undefined input","duration":0.15570799999932206,"failureMessages":[],"meta":{}},{"ancestorTitles":["MongooseRepository","toLean"],"fullName":"MongooseRepository toLean should normalize _id to id field","status":"passed","title":"should normalize _id to id field","duration":3.160624999999527,"failureMessages":[],"meta":{}},{"ancestorTitles":["MongooseRepository","toLean"],"fullName":"MongooseRepository toLean should preserve existing id field","status":"passed","title":"should preserve existing id field","duration":1.4885830000002898,"failureMessages":[],"meta":{}},{"ancestorTitles":["MongooseRepository","toLean"],"fullName":"MongooseRepository toLean should normalize timestamps to Date objects","status":"passed","title":"should normalize timestamps to Date objects","duration":0.23283300000002782,"failureMessages":[],"meta":{}},{"ancestorTitles":["MongooseRepository","create"],"fullName":"MongooseRepository create should create document and return lean output","status":"passed","title":"should create document and return lean output","duration":3.272916000000805,"failureMessages":[],"meta":{}},{"ancestorTitles":["MongooseRepository","create"],"fullName":"MongooseRepository create should call model.create with input","status":"passed","title":"should call model.create with input","duration":3.5632910000003903,"failureMessages":[],"meta":{}},{"ancestorTitles":["MongooseRepository","create"],"fullName":"MongooseRepository create should throw InternalServerError if toLean fails","status":"passed","title":"should throw InternalServerError if toLean fails","duration":0.18020900000010442,"failureMessages":[],"meta":{}},{"ancestorTitles":["MongooseRepository","findById"],"fullName":"MongooseRepository findById should return document by id","status":"passed","title":"should return document by id","duration":8.290957999999591,"failureMessages":[],"meta":{}},{"ancestorTitles":["MongooseRepository","findById"],"fullName":"MongooseRepository findById should return null if document not found","status":"passed","title":"should return null if document not found","duration":0.5403749999995853,"failureMessages":[],"meta":{}},{"ancestorTitles":["MongooseRepository","findById"],"fullName":"MongooseRepository findById should call model.findById with correct id","status":"passed","title":"should call model.findById with correct id","duration":3.888332999999875,"failureMessages":[],"meta":{}},{"ancestorTitles":["MongooseRepository","findById"],"fullName":"MongooseRepository findById should use lean() for efficiency","status":"passed","title":"should use lean() for efficiency","duration":2.7073330000002898,"failureMessages":[],"meta":{}},{"ancestorTitles":["MongooseRepository","findMany"],"fullName":"MongooseRepository findMany should return array of documents matching filter","status":"passed","title":"should return array of documents matching filter","duration":5.760041999999885,"failureMessages":[],"meta":{}},{"ancestorTitles":["MongooseRepository","findMany"],"fullName":"MongooseRepository findMany should return empty array if no matches","status":"passed","title":"should return empty array if no matches","duration":1.8079170000000886,"failureMessages":[],"meta":{}},{"ancestorTitles":["MongooseRepository","findMany"],"fullName":"MongooseRepository findMany should apply filter correctly","status":"passed","title":"should apply filter correctly","duration":3.0210839999999735,"failureMessages":[],"meta":{}},{"ancestorTitles":["MongooseRepository","findMany"],"fullName":"MongooseRepository findMany should return only lean documents","status":"passed","title":"should return only lean documents","duration":4.0483329999997295,"failureMessages":[],"meta":{}},{"ancestorTitles":["MongooseRepository","update"],"fullName":"MongooseRepository update should update document and return updated state","status":"passed","title":"should update document and return updated state","duration":5.1220839999996315,"failureMessages":[],"meta":{}},{"ancestorTitles":["MongooseRepository","update"],"fullName":"MongooseRepository update should return null if document not found","status":"passed","title":"should return null if document not found","duration":0.6150419999994483,"failureMessages":[],"meta":{}},{"ancestorTitles":["MongooseRepository","update"],"fullName":"MongooseRepository update should call model.findByIdAndUpdate","status":"passed","title":"should call model.findByIdAndUpdate","duration":3.8113750000002256,"failureMessages":[],"meta":{}},{"ancestorTitles":["MongooseRepository","update"],"fullName":"MongooseRepository update should return lean document with updated timestamp","status":"passed","title":"should return lean document with updated timestamp","duration":2.755417000000307,"failureMessages":[],"meta":{}},{"ancestorTitles":["MongooseRepository","delete"],"fullName":"MongooseRepository delete should delete document and return last state","status":"passed","title":"should delete document and return last state","duration":5.245625000000473,"failureMessages":[],"meta":{}},{"ancestorTitles":["MongooseRepository","delete"],"fullName":"MongooseRepository delete should return null if document not found","status":"passed","title":"should return null if document not found","duration":0.6946250000000873,"failureMessages":[],"meta":{}},{"ancestorTitles":["MongooseRepository","delete"],"fullName":"MongooseRepository delete should call model.findByIdAndDelete","status":"passed","title":"should call model.findByIdAndDelete","duration":2.5349169999999503,"failureMessages":[],"meta":{}},{"ancestorTitles":["MongooseRepository","exists"],"fullName":"MongooseRepository exists should return true if document exists","status":"passed","title":"should return true if document exists","duration":4.113624999999956,"failureMessages":[],"meta":{}},{"ancestorTitles":["MongooseRepository","exists"],"fullName":"MongooseRepository exists should return false if document does not exist","status":"passed","title":"should return false if document does not exist","duration":0.6508750000002692,"failureMessages":[],"meta":{}},{"ancestorTitles":["MongooseRepository","exists"],"fullName":"MongooseRepository exists should call model.exists","status":"passed","title":"should call model.exists","duration":1.9199170000001686,"failureMessages":[],"meta":{}}],"startTime":1771816268051,"endTime":1771816268722.92,"status":"passed","message":"","name":"/Users/beltrd/Desktop/projects/sentzunhat/zacatl/test/unit/service/layers/infrastructure/repositories/mongoose.test.ts"},{"assertionResults":[{"ancestorTitles":["Sequelize + pg-mem extended operations"],"fullName":"Sequelize + pg-mem extended operations supports transactions with rollback and commit","status":"passed","title":"supports transactions with rollback and commit","duration":164.01370799999995,"failureMessages":[],"meta":{}},{"ancestorTitles":["Sequelize + pg-mem extended operations"],"fullName":"Sequelize + pg-mem extended operations supports associations, queries, bulkCreate and raw queries","status":"passed","title":"supports associations, queries, bulkCreate and raw queries","duration":45.757624999999734,"failureMessages":[],"meta":{}},{"ancestorTitles":["Sequelize + pg-mem extended operations"],"fullName":"Sequelize + pg-mem extended operations enforces unique constraints and returns errors on violation","status":"passed","title":"enforces unique constraints and returns errors on violation","duration":47.7043749999998,"failureMessages":[],"meta":{}}],"startTime":1771816267233,"endTime":1771816267490.7043,"status":"passed","message":"","name":"/Users/beltrd/Desktop/projects/sentzunhat/zacatl/test/unit/service/layers/infrastructure/repositories/sequelize-pgmem-extended.test.ts"},{"assertionResults":[{"ancestorTitles":["SequelizeRepository (pg-mem)"],"fullName":"SequelizeRepository (pg-mem) creates and finds a record","status":"passed","title":"creates and finds a record","duration":33.86020800000006,"failureMessages":[],"meta":{}},{"ancestorTitles":["SequelizeRepository (pg-mem)"],"fullName":"SequelizeRepository (pg-mem) updates and deletes a record","status":"passed","title":"updates and deletes a record","duration":11.276417000000038,"failureMessages":[],"meta":{}}],"startTime":1771816267317,"endTime":1771816267362.2764,"status":"passed","message":"","name":"/Users/beltrd/Desktop/projects/sentzunhat/zacatl/test/unit/service/layers/infrastructure/repositories/sequelize-pgmem.test.ts"},{"assertionResults":[{"ancestorTitles":["SequelizeRepository","model access"],"fullName":"SequelizeRepository model access should have model property set","status":"passed","title":"should have model property set","duration":0.9870419999997466,"failureMessages":[],"meta":{}},{"ancestorTitles":["SequelizeRepository","toLean"],"fullName":"SequelizeRepository toLean should convert Sequelize instance to plain object","status":"passed","title":"should convert Sequelize instance to plain object","duration":5.460249999999178,"failureMessages":[],"meta":{}},{"ancestorTitles":["SequelizeRepository","toLean"],"fullName":"SequelizeRepository toLean should return null for null/undefined input","status":"passed","title":"should return null for null/undefined input","duration":0.16204199999992852,"failureMessages":[],"meta":{}},{"ancestorTitles":["SequelizeRepository","toLean"],"fullName":"SequelizeRepository toLean should normalize _id to id field","status":"passed","title":"should normalize _id to id field","duration":0.10779199999979028,"failureMessages":[],"meta":{}},{"ancestorTitles":["SequelizeRepository","toLean"],"fullName":"SequelizeRepository toLean should preserve existing id field","status":"passed","title":"should preserve existing id field","duration":0.11091699999997218,"failureMessages":[],"meta":{}},{"ancestorTitles":["SequelizeRepository","toLean"],"fullName":"SequelizeRepository toLean should normalize timestamps to Date objects","status":"passed","title":"should normalize timestamps to Date objects","duration":0.16449999999986176,"failureMessages":[],"meta":{}},{"ancestorTitles":["SequelizeRepository","toLean"],"fullName":"SequelizeRepository toLean should handle empty id by returning empty string","status":"passed","title":"should handle empty id by returning empty string","duration":0.08154199999989942,"failureMessages":[],"meta":{}},{"ancestorTitles":["SequelizeRepository","create"],"fullName":"SequelizeRepository create should create record and return plain object","status":"passed","title":"should create record and return plain object","duration":7.791999999999462,"failureMessages":[],"meta":{}},{"ancestorTitles":["SequelizeRepository","create"],"fullName":"SequelizeRepository create should call model.create with input","status":"passed","title":"should call model.create with input","duration":2.2538329999997586,"failureMessages":[],"meta":{}},{"ancestorTitles":["SequelizeRepository","findById"],"fullName":"SequelizeRepository findById should return record by id","status":"passed","title":"should return record by id","duration":6.980207999999948,"failureMessages":[],"meta":{}},{"ancestorTitles":["SequelizeRepository","findById"],"fullName":"SequelizeRepository findById should return null if record not found","status":"passed","title":"should return null if record not found","duration":1.5080410000000484,"failureMessages":[],"meta":{}},{"ancestorTitles":["SequelizeRepository","findById"],"fullName":"SequelizeRepository findById should call model.findByPk","status":"passed","title":"should call model.findByPk","duration":2.2617079999999987,"failureMessages":[],"meta":{}},{"ancestorTitles":["SequelizeRepository","findMany"],"fullName":"SequelizeRepository findMany should return array of matching records","status":"passed","title":"should return array of matching records","duration":3.878208000000086,"failureMessages":[],"meta":{}},{"ancestorTitles":["SequelizeRepository","findMany"],"fullName":"SequelizeRepository findMany should return empty array if no matches","status":"passed","title":"should return empty array if no matches","duration":0.6856250000000728,"failureMessages":[],"meta":{}},{"ancestorTitles":["SequelizeRepository","findMany"],"fullName":"SequelizeRepository findMany should apply filter correctly","status":"passed","title":"should apply filter correctly","duration":2.7620829999996204,"failureMessages":[],"meta":{}},{"ancestorTitles":["SequelizeRepository","findMany"],"fullName":"SequelizeRepository findMany should call model.findAll","status":"passed","title":"should call model.findAll","duration":0.8214159999997719,"failureMessages":[],"meta":{}},{"ancestorTitles":["SequelizeRepository","update"],"fullName":"SequelizeRepository update should update record and return updated state","status":"passed","title":"should update record and return updated state","duration":3.457749999999578,"failureMessages":[],"meta":{}},{"ancestorTitles":["SequelizeRepository","update"],"fullName":"SequelizeRepository update should return null if record not found","status":"passed","title":"should return null if record not found","duration":0.8033749999995052,"failureMessages":[],"meta":{}},{"ancestorTitles":["SequelizeRepository","update"],"fullName":"SequelizeRepository update should call model.update","status":"passed","title":"should call model.update","duration":1.925000000000182,"failureMessages":[],"meta":{}},{"ancestorTitles":["SequelizeRepository","update"],"fullName":"SequelizeRepository update should return lean document with updated timestamp","status":"passed","title":"should return lean document with updated timestamp","duration":34.114541999999346,"failureMessages":[],"meta":{}},{"ancestorTitles":["SequelizeRepository","delete"],"fullName":"SequelizeRepository delete should delete record and return last state","status":"passed","title":"should delete record and return last state","duration":13.642499999999927,"failureMessages":[],"meta":{}},{"ancestorTitles":["SequelizeRepository","delete"],"fullName":"SequelizeRepository delete should return null if record not found","status":"passed","title":"should return null if record not found","duration":1.712083000000348,"failureMessages":[],"meta":{}},{"ancestorTitles":["SequelizeRepository","delete"],"fullName":"SequelizeRepository delete should call model.destroy","status":"passed","title":"should call model.destroy","duration":2.0757910000002084,"failureMessages":[],"meta":{}},{"ancestorTitles":["SequelizeRepository","exists"],"fullName":"SequelizeRepository exists should return true if record exists","status":"passed","title":"should return true if record exists","duration":3.7363750000004075,"failureMessages":[],"meta":{}},{"ancestorTitles":["SequelizeRepository","exists"],"fullName":"SequelizeRepository exists should return false if record does not exist","status":"passed","title":"should return false if record does not exist","duration":0.7511670000003505,"failureMessages":[],"meta":{
[...]
{"line":149,"column":88}}]},"19":{"loc":{"start":{"line":170,"column":4},"end":{"line":174,"column":null}},"type":"if","locations":[{"start":{"line":170,"column":4},"end":{"line":174,"column":null}},{"start":{},"end":{}}]}},"s":{"0":3,"1":3,"2":1,"3":1,"4":1,"5":1,"6":0,"7":0,"8":0,"9":0,"10":1,"11":1,"12":1,"13":1,"14":1,"15":0,"16":0,"17":3,"18":3,"19":3,"20":1,"21":2,"22":2,"23":1,"24":1,"25":0,"26":1,"27":0,"28":0,"29":0,"30":0,"31":0,"32":0,"33":0,"34":0,"35":0,"36":0,"37":1,"38":1,"39":1},"f":{"0":3,"1":0,"2":3,"3":1},"b":{"0":[1,0],"1":[0,0],"2":[0,0],"3":[1,0],"4":[1,0],"5":[0,1],"6":[0,0],"7":[3,1],"8":[1,2],"9":[2,0,0],"10":[1,1],"11":[0,1],"12":[1,1],"13":[0,0],"14":[0,0],"15":[0,0],"16":[0,0],"17":[0,0],"18":[0,0],"19":[1,0]}},"/Users/beltrd/Desktop/projects/sentzunhat/zacatl/src/logs/logger.ts":{"path":"/Users/beltrd/Desktop/projects/sentzunhat/zacatl/src/logs/logger.ts","statementMap":{"0":{"start":{"line":26,"column":28},"end":{"line":43,"column":null}},"1":{"start":{"line":27,"column":26},"end":{"line":27,"column":null}},"2":{"start":{"line":29,"column":2},"end":{"line":42,"column":null}},"3":{"start":{"line":31,"column":6},"end":{"line":31,"column":null}},"4":{"start":{"line":33,"column":6},"end":{"line":33,"column":null}},"5":{"start":{"line":35,"column":6},"end":{"line":35,"column":null}},"6":{"start":{"line":37,"column":6},"end":{"line":37,"column":null}},"7":{"start":{"line":39,"column":6},"end":{"line":39,"column":null}},"8":{"start":{"line":41,"column":6},"end":{"line":41,"column":null}},"9":{"start":{"line":66,"column":30},"end":{"line":66,"column":null}}},"fnMap":{"0":{"name":"(anonymous_0)","decl":{"start":{"line":26,"column":28},"end":{"line":26,"column":29}},"loc":{"start":{"line":26,"column":62},"end":{"line":43,"column":null}}},"1":{"name":"(anonymous_1)","decl":{"start":{"line":30,"column":9},"end":{"line":30,"column":10}},"loc":{"start":{"line":31,"column":6},"end":{"line":31,"column":null}}},"2":{"name":"(anonymous_2)","decl":{"start":{"line":32,"column":10},"end":{"line":32,"column":11}},"loc":{"start":{"line":33,"column":6},"end":{"line":33,"column":null}}},"3":{"name":"(anonymous_3)","decl":{"start":{"line":34,"column":11},"end":{"line":34,"column":12}},"loc":{"start":{"line":35,"column":6},"end":{"line":35,"column":null}}},"4":{"name":"(anonymous_4)","decl":{"start":{"line":36,"column":10},"end":{"line":36,"column":11}},"loc":{"start":{"line":37,"column":6},"end":{"line":37,"column":null}}},"5":{"name":"(anonymous_5)","decl":{"start":{"line":38,"column":11},"end":{"line":38,"column":12}},"loc":{"start":{"line":39,"column":6},"end":{"line":39,"column":null}}},"6":{"name":"(anonymous_6)","decl":{"start":{"line":40,"column":11},"end":{"line":40,"column":12}},"loc":{"start":{"line":41,"column":6},"end":{"line":41,"column":null}}}},"branchMap":{"0":{"loc":{"start":{"line":27,"column":26},"end":{"line":27,"column":null}},"type":"binary-expr","locations":[{"start":{"line":27,"column":26},"end":{"line":27,"column":37}},{"start":{"line":27,"column":37},"end":{"line":27,"column":null}}]}},"s":{"0":0,"1":0,"2":0,"3":0,"4":0,"5":0,"6":0,"7":0,"8":0,"9":0},"f":{"0":0,"1":0,"2":0,"3":0,"4":0,"5":0,"6":0},"b":{"0":[0,0]}},"/Users/beltrd/Desktop/projects/sentzunhat/zacatl/src/third-party/eslint.ts":{"path":"/Users/beltrd/Desktop/projects/sentzunhat/zacatl/src/third-party/eslint.ts","statementMap":{"0":{"start":{"line":21,"column":13},"end":{"line":30,"column":null}},"1":{"start":{"line":22,"column":2},"end":{"line":29,"column":null}},"2":{"start":{"line":24,"column":16},"end":{"line":24,"column":null}},"3":{"start":{"line":25,"column":22},"end":{"line":25,"column":null}},"4":{"start":{"line":26,"column":4},"end":{"line":26,"column":null}},"5":{"start":{"line":28,"column":4},"end":{"line":28,"column":null}},"6":{"start":{"line":32,"column":13},"end":{"line":39,"column":null}},"7":{"start":{"line":33,"column":2},"end":{"line":38,"column":null}},"8":{"start":{"line":35,"column":4},"end":{"line":35,"column":null}},"9":{"start":{"line":37,"column":4},"end":{"line":37,"column":null}},"10":{"start":{"line":42,"column":13},"end":{"line":51,"column":null}},"11":{"start":{"line":43,"column":2},"end":{"line":50,"column":null}},"12":{"start":{"line":45,"column":16},"end":{"line":45,"column":null}},"13":{"start":{"line":46,"column":22},"end":{"line":46,"column":null}},"14":{"start":{"line":47,"column":4},"end":{"line":47,"column":null}},"15":{"start":{"line":49,"column":4},"end":{"line":49,"column":null}},"16":{"start":{"line":53,"column":13},"end":{"line":60,"column":null}},"17":{"start":{"line":54,"column":2},"end":{"line":59,"column":null}},"18":{"start":{"line":56,"column":4},"end":{"line":56,"column":null}},"19":{"start":{"line":58,"column":4},"end":{"line":58,"column":null}}},"fnMap":{"0":{"name":"(anonymous_0)","decl":{"start":{"line":21,"column":40},"end":{"line":21,"column":46}},"loc":{"start":{"line":21,"column":46},"end":{"line":30,"column":3}}},"1":{"name":"(anonymous_1)","decl":{"start":{"line":32,"column":34},"end":{"line":32,"column":40}},"loc":{"start":{"line":32,"column":40},"end":{"line":39,"column":3}}},"2":{"name":"(anonymous_2)","decl":{"start":{"line":42,"column":40},"end":{"line":42,"column":46}},"loc":{"start":{"line":42,"column":46},"end":{"line":51,"column":3}}},"3":{"name":"(anonymous_3)","decl":{"start":{"line":53,"column":38},"end":{"line":53,"column":44}},"loc":{"start":{"line":53,"column":44},"end":{"line":60,"column":3}}}},"branchMap":{"0":{"loc":{"start":{"line":25,"column":22},"end":{"line":25,"column":null}},"type":"cond-expr","locations":[{"start":{"line":25,"column":37},"end":{"line":25,"column":59}},{"start":{"line":25,"column":59},"end":{"line":25,"column":null}}]},"1":{"loc":{"start":{"line":25,"column":37},"end":{"line":25,"column":59}},"type":"binary-expr","locations":[{"start":{"line":25,"column":37},"end":{"line":25,"column":52}},{"start":{"line":25,"column":52},"end":{"line":25,"column":59}}]},"2":{"loc":{"start":{"line":46,"column":22},"end":{"line":46,"column":null}},"type":"cond-expr","locations":[{"start":{"line":46,"column":37},"end":{"line":46,"column":59}},{"start":{"line":46,"column":59},"end":{"line":46,"column":null}}]},"3":{"loc":{"start":{"line":46,"column":37},"end":{"line":46,"column":59}},"type":"binary-expr","locations":[{"start":{"line":46,"column":37},"end":{"line":46,"column":52}},{"start":{"line":46,"column":52},"end":{"line":46,"column":59}}]}},"s":{"0":0,"1":0,"2":0,"3":0,"4":0,"5":0,"6":0,"7":0,"8":0,"9":0,"10":0,"11":0,"12":0,"13":0,"14":0,"15":0,"16":0,"17":0,"18":0,"19":0},"f":{"0":0,"1":0,"2":0,"3":0},"b":{"0":[0,0],"1":[0,0],"2":[0,0],"3":[0,0]}},"/Users/beltrd/Desktop/projects/sentzunhat/zacatl/src/service/layers/application/entry-points/rest/express/handlers/abstract.ts":{"path":"/Users/beltrd/Desktop/projects/sentzunhat/zacatl/src/service/layers/application/entry-points/rest/express/handlers/abstract.ts","statementMap":{"0":{"start":{"line":61,"column":4},"end":{"line":61,"column":null}},"1":{"start":{"line":62,"column":4},"end":{"line":62,"column":null}},"2":{"start":{"line":63,"column":4},"end":{"line":63,"column":null}},"3":{"start":{"line":93,"column":4},"end":{"line":93,"column":null}},"4":{"start":{"line":100,"column":21},"end":{"line":100,"column":null}},"5":{"start":{"line":103,"column":4},"end":{"line":105,"column":null}},"6":{"start":{"line":104,"column":6},"end":{"line":104,"column":null}},"7":{"start":{"line":107,"column":4},"end":{"line":107,"column":null}}},"fnMap":{"0":{"name":"(anonymous_0)","decl":{"start":{"line":60,"column":2},"end":{"line":60,"column":14}},"loc":{"start":{"line":60,"column":53},"end":{"line":64,"column":null}}},"1":{"name":"(anonymous_1)","decl":{"start":{"line":90,"column":12},"end":{"line":90,"column":null}},"loc":{"start":{"line":92,"column":56},"end":{"line":94,"column":null}}},"2":{"name":"(anonymous_2)","decl":{"start":{"line":96,"column":2},"end":{"line":96,"column":15}},"loc":{"start":{"line":99,"column":39},"end":{"line":108,"column":null}}}},"branchMap":{"0":{"loc":{"start":{"line":103,"column":4},"end":{"line":105,"column":null}},"type":"if","locations":[{"start":{"line":103,"column":4},"end":{"line":105,"column":null}},{"start":{},"end":{}}]}},"s":{"0":0,"1":0,"2":0,"3":0,"4":0,"5":0,"6":0,"7":0},"f":{"0":0,"1":0,"2":0},"b":{"0":[0,0]}},"/Users/beltrd/Desktop/projects/sentzunhat/zacatl/src/service/layers/application/entry-points/rest/express/handlers/delete-route-handler.ts":{"path":"/Users/beltrd/Desktop/projects/sentzunhat/zacatl/src/service/layers/application/entry-points/rest/express/handlers/delete-route-handler.ts","statementMap":{"0":{"start":{"line":25,"column":4},"end":{"line":29,"column":null}}},"fnMap":{"0":{"name":"(anonymous_0)","decl":{"start":{"line":24,"column":2},"end":{"line":24,"column":14}},"loc":{"start":{"line":24,"column":51},"end":{"line":30,"column":null}}}},"branchMap":{},"s":{"0":0},"f":{"0":0},"b":{}},"/Users/beltrd/Desktop/projects/sentzunhat/zacatl/src/service/layers/application/entry-points/rest/express/handlers/get-route-handler.ts":{"path":"/Users/beltrd/Desktop/projects/sentzunhat/zacatl/src/service/layers/application/entry-points/rest/express/handlers/get-route-handler.ts","statementMap":{"0":{"start":{"line":25,"column":4},"end":{"line":29,"column":null}}},"fnMap":{"0":{"name":"(anonymous_0)","decl":{"start":{"line":24,"column":2},"end":{"line":24,"column":14}},"loc":{"start":{"line":24,"column":48},"end":{"line":30,"column":null}}}},"branchMap":{},"s":{"0":0},"f":{"0":0},"b":{}},"/Users/beltrd/Desktop/projects/sentzunhat/zacatl/src/service/layers/application/entry-points/rest/express/handlers/patch-route-handler.ts":{"path":"/Users/beltrd/Desktop/projects/sentzunhat/zacatl/src/service/layers/application/entry-points/rest/express/handlers/patch-route-handler.ts","statementMap":{"0":{"start":{"line":25,"column":4},"end":{"line":29,"column":null}}},"fnMap":{"0":{"name":"(anonymous_0)","decl":{"start":{"line":24,"column":2},"end":{"line":24,"column":14}},"loc":{"start":{"line":24,"column":50},"end":{"line":30,"column":null}}}},"branchMap":{},"s":{"0":0},"f":{"0":0},"b":{}},"/Users/beltrd/Desktop/projects/sentzunhat/zacatl/src/service/layers/application/entry-points/rest/express/handlers/post-route-handler.ts":{"path":"/Users/beltrd/Desktop/projects/sentzunhat/zacatl/src/service/layers/application/entry-points/rest/express/handlers/post-route-handler.ts","statementMap":{"0":{"start":{"line":26,"column":4},"end":{"line":30,"column":null}}},"fnMap":{"0":{"name":"(anonymous_0)","decl":{"start":{"line":25,"column":2},"end":{"line":25,"column":14}},"loc":{"start":{"line":25,"column":49},"end":{"line":31,"column":null}}}},"branchMap":{},"s":{"0":0},"f":{"0":0},"b":{}},"/Users/beltrd/Desktop/projects/sentzunhat/zacatl/src/service/layers/application/entry-points/rest/express/handlers/put-route-handler.ts":{"path":"/Users/beltrd/Desktop/projects/sentzunhat/zacatl/src/service/layers/application/entry-points/rest/express/handlers/put-route-handler.ts","statementMap":{"0":{"start":{"line":25,"column":4},"end":{"line":29,"column":null}}},"fnMap":{"0":{"name":"(anonymous_0)","decl":{"start":{"line":24,"column":2},"end":{"line":24,"column":14}},"loc":{"start":{"line":24,"column":48},"end":{"line":30,"column":null}}}},"branchMap":{},"s":{"0":0},"f":{"0":0},"b":{}}}}
[34m % [39m[2mCoverage report from [22m[33mistanbul[39m
-------------------|---------|----------|---------|---------|-------------------
File               | % Stmts | % Branch | % Funcs | % Lines | Uncovered Line #s 
-------------------|---------|----------|---------|---------|-------------------
All files          |   68.66 |    54.66 |   68.96 |   68.38 |                   
 configuration     |      10 |        0 |       0 |      10 |                   
  json.ts          |    6.66 |        0 |       0 |    6.66 | 8-53              
  yml.ts           |   13.33 |        0 |       0 |   13.33 | 10-50             
 ...ency-injection |   92.85 |       30 |     100 |   92.85 |                   
  container.ts     |   92.85 |       30 |     100 |   92.85 | 118-119           
 error             |   95.12 |    70.58 |     100 |     100 |                   
  bad-request.ts   |     100 |      100 |     100 |     100 |                   
  bad-resource.ts  |     100 |      100 |     100 |     100 |                   
  custom.ts        |   94.11 |    70.58 |     100 |     100 | ...41-160,162,164 
  forbidden.ts     |     100 |      100 |     100 |     100 |                   
  ...nal-server.ts |     100 |      100 |     100 |     100 |                   
  not-found.ts     |     100 |      100 |     100 |     100 |                   
  unauthorized.ts  |     100 |      100 |     100 |     100 |                   
  validation.ts    |     100 |      100 |     100 |     100 |                   
 localization      |    72.6 |    53.33 |   69.23 |   72.22 |                   
  i18n-node.ts     |    72.6 |    53.33 |   69.23 |   72.22 | ...67-172,199-200 
 localization/node |   79.66 |    68.75 |      80 |   81.03 |                   
  core.ts          |   69.44 |    44.44 |   66.66 |   71.42 | 55-64,68-87       
  helpers.ts       |   95.65 |      100 |     100 |   95.65 | 82                
 logs              |      35 |     40.9 |      10 |      35 |                   
  config.ts        |      70 |       45 |   33.33 |      70 | 72-84,91          
  logger.ts        |       0 |        0 |       0 |       0 | 26-66             
 logs/adapters     |   86.48 |       60 |   88.23 |   86.11 |                   
  console.ts       |   82.75 |    55.55 |   77.77 |   82.14 | 44-57,68-70       
  pino.ts          |     100 |      100 |     100 |     100 |                   
 service           |    57.5 |    36.58 |      75 |    57.5 |                   
  service.ts       |    57.5 |    36.58 |      75 |    57.5 | ...70,107,119-159 
 service/layers    |   71.42 |       50 |     100 |   71.42 |                   
  layers.ts        |   71.42 |       50 |     100 |   71.42 | 13,18             
 ...rs/application |      90 |    71.87 |     100 |      90 |                   
  application.ts   |      90 |    71.87 |     100 |      90 | 27,62             
 ...ts/rest/common |   66.66 |      100 |       0 |   66.66 |                   
  http-methods.ts  |     100 |      100 |     100 |     100 |                   
  schema.ts        |      50 |      100 |       0 |      50 | 63                
 ...press/handlers |       0 |        0 |       0 |       0 |                   
  abstract.ts      |       0 |        0 |       0 |       0 | 61-107            
  ...te-handler.ts |       0 |      100 |       0 |       0 | 25                
  ...te-handler.ts |       0 |      100 |       0 |       0 | 25                
  ...te-handler.ts |       0 |      100 |       0 |       0 | 25                
  ...te-handler.ts |       0 |      100 |       0 |       0 | 26                
  ...te-handler.ts |       0 |      100 |       0 |       0 | 25                
 ...stify/handlers |   76.92 |       50 |    62.5 |   76.92 |                   
  abstract.ts      |     100 |       50 |     100 |     100 | 86                
  ...te-handler.ts |       0 |      100 |       0 |       0 | 27                
  ...te-handler.ts |     100 |      100 |     100 |     100 |                   
  ...te-handler.ts |       0 |      100 |       0 |       0 | 27                
  ...te-handler.ts |     100 |      100 |     100 |     100 |                   
  ...te-handler.ts |       0 |      100 |       0 |       0 | 27                
 .../layers/domain |      80 |     62.5 |     100 |      80 |                   
  domain.ts        |      80 |     62.5 |     100 |      80 | 32-33             
 ...infrastructure |   81.81 |     62.5 |     100 |   81.81 |                   
  ...astructure.ts |   81.81 |     62.5 |     100 |   81.81 | 33,46             
 ...astructure/orm |   93.02 |    88.46 |      96 |   92.68 |                   
  ...ter-loader.ts |     100 |      100 |     100 |     100 |                   
  ...se-adapter.ts |   89.09 |    83.87 |    92.3 |   88.67 | 47-50,84,135      
  ...ze-adapter.ts |     100 |    95.23 |     100 |     100 | 50                
 ...e/repositories |   52.17 |     12.5 |   57.14 |   52.17 |                   
  abstract.ts      |   52.17 |     12.5 |   57.14 |   52.17 | 27,60-104,130,163 
 ...ories/mongoose |     100 |      100 |     100 |     100 |                   
  repository.ts    |     100 |      100 |     100 |     100 |                   
  types.ts         |     100 |      100 |     100 |     100 |                   
 ...ries/sequelize |     100 |      100 |     100 |     100 |                   
  repository.ts    |     100 |      100 |     100 |     100 |                   
 service/platforms |     100 |     87.5 |     100 |     100 |                   
  platforms.ts     |     100 |     87.5 |     100 |     100 | 20,34,48          
 .../platforms/cli |      75 |      100 |      75 |      75 |                   
  cli.ts           |      75 |      100 |      75 |      75 | 25                
 ...tforms/desktop |      75 |      100 |      75 |      75 |                   
  desktop.ts       |      75 |      100 |      75 |      75 | 25                
 ...atforms/server |   88.23 |     62.5 |    90.9 |   88.23 |                   
  server.ts        |   88.23 |     62.5 |    90.9 |   88.23 | 83,118-119,175    
 ...rms/server/api |   48.23 |    36.36 |      50 |   48.14 |                   
  api-server.ts    |   21.21 |       10 |      25 |   18.75 | 40-130,144-152    
  ...ss-adapter.ts |   61.11 |       50 |   53.84 |   61.11 | ...,75-87,108-118 
  ...fy-adapter.ts |   83.33 |      100 |   83.33 |   83.33 | 42                
  schema-helper.ts |      70 |       50 |     100 |   85.71 | 16                
 ...erver/database |   59.57 |    48.14 |   46.15 |   58.69 |                   
  adapters.ts      |      60 |    33.33 |     100 |      60 | 16-18             
  ...ase-server.ts |   55.55 |    66.66 |   33.33 |   55.55 | 26,31,45-82       
  ...se-adapter.ts |   91.66 |       60 |   66.66 |   91.66 | 21                
  port.ts          |     100 |      100 |     100 |     100 |                   
  ...ze-adapter.ts |       0 |        0 |       0 |       0 | 10-27             
 ...ms/server/page |   18.18 |     4.54 |      25 |   18.18 |                   
  ...ge-adapter.ts |   16.66 |        0 |      20 |   16.66 | 9-21              
  ...ge-adapter.ts |   16.66 |        0 |      20 |   16.66 | 10-25             
  page-server.ts   |   19.04 |     8.33 |   33.33 |   19.04 | 25-63,81-105      
 ...s/server/types |     100 |      100 |     100 |     100 |                   
  server-config.ts |     100 |      100 |     100 |     100 |                   
 service/types     |     100 |      100 |     100 |     100 |                   
  index.ts         |     100 |      100 |     100 |     100 |                   
 third-party       |    4.76 |        0 |       0 |    4.76 |                   
  eslint.ts        |       0 |        0 |       0 |       0 | 21-58             
  mongoose.ts      |     100 |      100 |     100 |     100 |                   
 utils             |     100 |      100 |     100 |     100 |                   
  encode-decode.ts |     100 |      100 |     100 |     100 |                   
  error-guards.ts  |     100 |      100 |     100 |     100 |                   
  hmac.ts          |     100 |      100 |     100 |     100 |                   
-------------------|---------|----------|---------|---------|-------------------
🧪 [teardown] unit tests - starting
🧪 [teardown] unit tests - heapTotal memory usage after: 260.14 MB
🧪 [teardown] unit tests - heapUsed memory usage after: 134.54 MB
🧪 [teardown] unit tests - memory delta: heapTotal +148.17 MB, heapUsed +65.99 MB
🧪 [teardown] unit tests - heap usage: 51.72%
🧪 [teardown] unit tests - completed in 136.30 ms - ⏱️
