{"numTotalTestSuites":159,"numPassedTestSuites":159,"numFailedTestSuites":0,"numPendingTestSuites":0,"numTotalTests":371,"numPassedTests":371,"numFailedTests":0,"numPendingTests":0,"numTodoTests":0,"snapshot":{"added":0,"failure":false,"filesAdded":0,"filesRemoved":0,"filesRemovedList":[],"filesUnmatched":0,"filesUpdated":0,"matched":0,"total":0,"unchecked":0,"uncheckedKeysByFile":[],"unmatched":0,"updated":0,"didUpdate":false},"startTime":1772554301987,"success":true,"testResults":[{"assertionResults":[{"ancestorTitles":["Layer Composition Utilities","registerDependencies"],"fullName":"Layer Composition Utilities registerDependencies should register each dependency with the container","status":"passed","title":"should register each dependency with the container","duration":2.131084000000101,"failureMessages":[],"meta":{}},{"ancestorTitles":["Layer Composition Utilities","registerDependencies"],"fullName":"Layer Composition Utilities registerDependencies should handle empty array","status":"passed","title":"should handle empty array","duration":0.23112500000024738,"failureMessages":[],"meta":{}},{"ancestorTitles":["Layer Composition Utilities","registerAndResolve"],"fullName":"Layer Composition Utilities registerAndResolve should register dependencies and return resolved instances","status":"passed","title":"should register dependencies and return resolved instances","duration":0.8044590000004064,"failureMessages":[],"meta":{}},{"ancestorTitles":["Layer Composition Utilities","registerAndResolve"],"fullName":"Layer Composition Utilities registerAndResolve should return array of resolved instances in order","status":"passed","title":"should return array of resolved instances in order","duration":0.2668749999997999,"failureMessages":[],"meta":{}},{"ancestorTitles":["Layer Composition Utilities","registerAndResolve"],"fullName":"Layer Composition Utilities registerAndResolve should return empty array for empty input","status":"passed","title":"should return empty array for empty input","duration":0.11595800000031886,"failureMessages":[],"meta":{}}],"startTime":1772554305430,"endTime":1772554305434.116,"status":"passed","message":"","name":"/Users/beltrd/Desktop/projects/sentzunhat/zacatl/test/unit/dependency-injection/architecture.test.ts"},{"assertionResults":[{"ancestorTitles":["Auto-Registration Without Service"],"fullName":"Auto-Registration Without Service should auto-register domain providers on construction","status":"passed","title":"should auto-register domain providers on construction","duration":1.805333000000246,"failureMessages":[],"meta":{}},{"ancestorTitles":["Auto-Registration Without Service"],"fullName":"Auto-Registration Without Service should auto-register on construction (new behavior)","status":"passed","title":"should auto-register on construction (new behavior)","duration":1.4160000000001673,"failureMessages":[],"meta":{}},{"ancestorTitles":["Auto-Registration Without Service"],"fullName":"Auto-Registration Without Service should work without Service - direct layer usage","status":"passed","title":"should work without Service - direct layer usage","duration":0.4568340000000717,"failureMessages":[],"meta":{}},{"ancestorTitles":["Auto-Registration Without Service"],"fullName":"Auto-Registration Without Service should support DI injection between auto-registered layers","status":"passed","title":"should support DI injection between auto-registered layers","duration":0.17754199999990306,"failureMessages":[],"meta":{}}],"startTime":1772554305455,"endTime":1772554305459.4568,"status":"passed","message":"","name":"/Users/beltrd/Desktop/projects/sentzunhat/zacatl/test/unit/dependency-injection/auto-registration.test.ts"},{"assertionResults":[{"ancestorTitles":["Dependency Injection Container"],"fullName":"Dependency Injection Container should register and resolve a dependency","status":"passed","title":"should register and resolve a dependency","duration":1.482582999999977,"failureMessages":[],"meta":{}},{"ancestorTitles":["Dependency Injection Container"],"fullName":"Dependency Injection Container should register and resolve a singleton (shared instance)","status":"passed","title":"should register and resolve a singleton (shared instance)","duration":0.24854099999993196,"failureMessages":[],"meta":{}},{"ancestorTitles":["Dependency Injection Container"],"fullName":"Dependency Injection Container should create new instances for non-singleton registrations","status":"passed","title":"should create new instances for non-singleton registrations","duration":0.4753339999997479,"failureMessages":[],"meta":{}},{"ancestorTitles":["Dependency Injection Container"],"fullName":"Dependency Injection Container should register and resolve a value (instance)","status":"passed","title":"should register and resolve a value (instance)","duration":0.24983300000030795,"failureMessages":[],"meta":{}},{"ancestorTitles":["Dependency Injection Container"],"fullName":"Dependency Injection Container should support multiple different registrations","status":"passed","title":"should support multiple different registrations","duration":0.14183299999967858,"failureMessages":[],"meta":{}},{"ancestorTitles":["Dependency Injection Container"],"fullName":"Dependency Injection Container should clear all registrations","status":"passed","title":"should clear all registrations","duration":0.42791699999997945,"failureMessages":[],"meta":{}}],"startTime":1772554305298,"endTime":1772554305301.428,"status":"passed","message":"","name":"/Users/beltrd/Desktop/projects/sentzunhat/zacatl/test/unit/dependency-injection/container.test.ts"},{"assertionResults":[{"ancestorTitles":["DI Container Integration Tests","Basic Registration and Resolution"],"fullName":"DI Container Integration Tests Basic Registration and Resolution should register and resolve a single dependency","status":"passed","title":"should register and resolve a single dependency","duration":1.1832909999998265,"failureMessages":[],"meta":{}},{"ancestorTitles":["DI Container Integration Tests","Basic Registration and Resolution"],"fullName":"DI Container Integration Tests Basic Registration and Resolution should register singleton","status":"passed","title":"should register singleton","duration":0.2633750000004511,"failureMessages":[],"meta":{}},{"ancestorTitles":["DI Container Integration Tests","Basic Registration and Resolution"],"fullName":"DI Container Integration Tests Basic Registration and Resolution should register multiple dependencies","status":"passed","title":"should register multiple dependencies","duration":0.2582910000000993,"failureMessages":[],"meta":{}},{"ancestorTitles":["DI Container Integration Tests","Basic Registration and Resolution"],"fullName":"DI Container Integration Tests Basic Registration and Resolution should register and resolve dependencies in one call","status":"passed","title":"should register and resolve dependencies in one call","duration":0.6051660000002812,"failureMessages":[],"meta":{}},{"ancestorTitles":["DI Container Integration Tests","Container Management"],"fullName":"DI Container Integration Tests Container Management should clear all registrations","status":"passed","title":"should clear all registrations","duration":0.16850000000022192,"failureMessages":[],"meta":{}},{"ancestorTitles":["DI Container Integration Tests","Container Management"],"fullName":"DI Container Integration Tests Container Management should allow re-registration after clear","status":"passed","title":"should allow re-registration after clear","duration":0.1222499999998945,"failureMessages":[],"meta":{}}],"startTime":1772554305590,"endTime":1772554305593.1685,"status":"passed","message":"","name":"/Users/beltrd/Desktop/projects/sentzunhat/zacatl/test/unit/dependency-injection/di-integration.test.ts"},{"assertionResults":[{"ancestorTitles":["Layer Registration Pattern"],"fullName":"Layer Registration Pattern should register and resolve dependencies in correct order","status":"passed","title":"should register and resolve dependencies in correct order","duration":1.276332999999795,"failureMessages":[],"meta":{}},{"ancestorTitles":["Layer Registration Pattern"],"fullName":"Layer Registration Pattern should support registerAndResolve convenience function","status":"passed","title":"should support registerAndResolve convenience function","duration":0.2940840000001117,"failureMessages":[],"meta":{}},{"ancestorTitles":["Layer Registration Pattern"],"fullName":"Layer Registration Pattern should handle multiple dependencies in single call","status":"passed","title":"should handle multiple dependencies in single call","duration":0.6370830000005299,"failureMessages":[],"meta":{}},{"ancestorTitles":["Layer Registration Pattern"],"fullName":"Layer Registration Pattern should maintain instance order","status":"passed","title":"should maintain instance order","duration":0.18016699999952834,"failureMessages":[],"meta":{}}],"startTime":1772554305744,"endTime":1772554305746.1802,"status":"passed","message":"","name":"/Users/beltrd/Desktop/projects/sentzunhat/zacatl/test/unit/dependency-injection/layer-registration.test.ts"},{"assertionResults":[{"ancestorTitles":["resolveDependencies — descriptive error on missing registration"],"fullName":"resolveDependencies — descriptive error on missing registration throws an Error (not a silent default) when class is not registered","status":"passed","title":"throws an Error (not a silent default) when class is not registered","duration":3.3932080000004134,"failureMessages":[],"meta":{}},{"ancestorTitles":["resolveDependencies — descriptive error on missing registration"],"fullName":"resolveDependencies — descriptive error on missing registration error message names the missing class","status":"passed","title":"error message names the missing class","duration":0.2527500000001055,"failureMessages":[],"meta":{}},{"ancestorTitles":["resolveDependencies — descriptive error on missing registration"],"fullName":"resolveDependencies — descriptive error on missing registration error message hints at @injectable decorator","status":"passed","title":"error message hints at @injectable decorator","duration":0.16266700000005585,"failureMessages":[],"meta":{}},{"ancestorTitles":["resolveDependencies — descriptive error on missing registration"],"fullName":"resolveDependencies — descriptive error on missing registration error message mentions layers config paths","status":"passed","title":"error message mentions layers config paths","duration":0.12649999999985084,"failureMessages":[],"meta":{}},{"ancestorTitles":["resolveDependencies — descriptive error on missing registration"],"fullName":"resolveDependencies — descriptive error on missing registration resolves successfully when the class is properly registered","status":"passed","title":"resolves successfully when the class is properly registered","duration":0.8597089999998389,"failureMessages":[],"meta":{}},{"ancestorTitles":["resolveDependencies — descriptive error on missing registration"],"fullName":"resolveDependencies — descriptive error on missing registration stops at first failure — does not partially resolve a batch","status":"passed","title":"stops at first failure — does not partially resolve a batch","duration":0.3609999999998763,"failureMessages":[],"meta":{}}],"startTime":1772554305149,"endTime":1772554305154.361,"status":"passed","message":"","name":"/Users/beltrd/Desktop/projects/sentzunhat/zacatl/test/unit/dependency-injection/resolve-dependencies-error.test.ts"},{"assertionResults":[{"ancestorTitles":["loadJSON()"],"fullName":"loadJSON() parses a valid JSON file and returns its data","status":"passed","title":"parses a valid JSON file and returns its data","duration":6.203583999999864,"failureMessages":[],"meta":{}},{"ancestorTitles":["loadJSON()"],"fullName":"loadJSON() returns an array from a JSON file","status":"passed","title":"returns an array from a JSON file","duration":20.51924999999983,"failureMessages":[],"meta":{}},{"ancestorTitles":["loadJSON()"],"fullName":"loadJSON() strips single-line comments from .jsonc files","status":"passed","title":"strips single-line comments from .jsonc files","duration":5.604291999999987,"failureMessages":[],"meta":{}},{"ancestorTitles":["loadJSON()"],"fullName":"loadJSON() strips block comments from .jsonc files","status":"passed","title":"strips block comments from .jsonc files","duration":4.17837499999996,"failureMessages":[],"meta":{}},{"ancestorTitles":["loadJSON()"],"fullName":"loadJSON() validates data against a Zod schema and returns typed result","status":"passed","title":"validates data against a Zod schema and returns typed result","duration":11.43600000000015,"failureMessages":[],"meta":{}},{"ancestorTitles":["loadJSON()"],"fullName":"loadJSON() throws ValidationError when data fails Zod schema","status":"passed","title":"throws ValidationError when data fails Zod schema","duration":18.33120800000006,"failureMessages":[],"meta":{}},{"ancestorTitles":["loadJSON()"],"fullName":"loadJSON() throws NotFoundError for a non-existent file","status":"passed","title":"throws NotFoundError for a non-existent file","duration":0.3099579999998241,"failureMessages":[],"meta":{}},{"ancestorTitles":["loadJSON()"],"fullName":"loadJSON() throws BadRequestError for invalid JSON","status":"passed","title":"throws BadRequestError for invalid JSON","duration":20.28779200000008,"failureMessages":[],"meta":{}},{"ancestorTitles":["loadJSON()"],"fullName":"loadJSON() re-throws unknown errors that are not node/syntax/zod errors","status":"passed","title":"re-throws unknown errors that are not node/syntax/zod errors","duration":17.047166999999718,"failureMessages":[],"meta":{}}],"startTime":1772554304876,"endTime":1772554304980.047,"status":"passed","message":"","name":"/Users/beltrd/Desktop/projects/sentzunhat/zacatl/test/unit/configuration/json.test.ts"},{"assertionResults":[{"ancestorTitles":["loadYML()"],"fullName":"loadYML() parses a valid YAML file and returns its data","status":"passed","title":"parses a valid YAML file and returns its data","duration":12.936208999999963,"failureMessages":[],"meta":{}},{"ancestorTitles":["loadYML()"],"fullName":"loadYML() parses nested YAML structures","status":"passed","title":"parses nested YAML structures","duration":3.6215409999999792,"failureMessages":[],"meta":{}},{"ancestorTitles":["loadYML()"],"fullName":"loadYML() validates data against a Zod schema and returns typed result","status":"passed","title":"validates data against a Zod schema and returns typed result","duration":1.7747089999998025,"failureMessages":[],"meta":{}},{"ancestorTitles":["loadYML()"],"fullName":"loadYML() throws ValidationError when data fails Zod schema","status":"passed","title":"throws ValidationError when data fails Zod schema","duration":8.97045799999978,"failureMessages":[],"meta":{}},{"ancestorTitles":["loadYML()"],"fullName":"loadYML() throws NotFoundError for a non-existent file","status":"passed","title":"throws NotFoundError for a non-existent file","duration":0.32641700000021956,"failureMessages":[],"meta":{}},{"ancestorTitles":["loadYML()"],"fullName":"loadYML() throws BadRequestError for malformed YAML","status":"passed","title":"throws BadRequestError for malformed YAML","duration":4.731499999999869,"failureMessages":[],"meta":{}},{"ancestorTitles":["loadYAML()"],"fullName":"loadYAML() is an alias for loadYML","status":"passed","title":"is an alias for loadYML","duration":0.16745899999978064,"failureMessages":[],"meta":{}}],"startTime":1772554304562,"endTime":1772554304595.1675,"status":"passed","message":"","name":"/Users/beltrd/Desktop/projects/sentzunhat/zacatl/test/unit/configuration/yml.test.ts"},{"assertionResults":[{"ancestorTitles":["CustomError"],"fullName":"CustomError should generate a correlationId if not provided","status":"passed","title":"should generate a correlationId if not provided","duration":1.3809160000000702,"failureMessages":[],"meta":{}},{"ancestorTitles":["CustomError"],"fullName":"CustomError should use the provided correlationId","status":"passed","title":"should use the provided correlationId","duration":0.2363749999999527,"failureMessages":[],"meta":{}},{"ancestorTitles":["CustomError"],"fullName":"CustomError toJSON() should include correlationId and structured metadata","status":"passed","title":"toJSON() should include correlationId and structured metadata","duration":1.766041999999743,"failureMessages":[],"meta":{}},{"ancestorTitles":["CustomError"],"fullName":"CustomError toJSON() should include nested error info if present","status":"passed","title":"toJSON() should include nested error info if present","duration":0.4262499999999818,"failureMessages":[],"meta":{}},{"ancestorTitles":["CustomError"],"fullName":"CustomError toString() should be formatted correctly with all details","status":"passed","title":"toString() should be formatted correctly with all details","duration":0.3812920000000304,"failureMessages":[],"meta":{}}],"startTime":1772554305128,"endTime":1772554305132.4263,"status":"passed","message":"","name":"/Users/beltrd/Desktop/projects/sentzunhat/zacatl/test/unit/error/custom.test.ts"},{"assertionResults":[{"ancestorTitles":["Error Types"],"fullName":"Error Types BadRequestError should have code 400","status":"passed","title":"BadRequestError should have code 400","duration":1.2629170000000158,"failureMessages":[],"meta":{}},{"ancestorTitles":["Error Types"],"fullName":"Error Types BadResourceError should have code 400","status":"passed","title":"BadResourceError should have code 400","duration":0.16295799999988958,"failureMessages":[],"meta":{}},{"ancestorTitles":["Error Types"],"fullName":"Error Types ForbiddenError should have code 403","status":"passed","title":"ForbiddenError should have code 403","duration":0.15916699999979755,"failureMessages":[],"meta":{}},{"ancestorTitles":["Error Types"],"fullName":"Error Types InternalServerError should have code 500","status":"passed","title":"InternalServerError should have code 500","duration":0.12991599999986647,"failureMessages":[],"meta":{}},{"ancestorTitles":["Error Types"],"fullName":"Error Types NotFoundError should have code 404","status":"passed","title":"NotFoundError should have code 404","duration":0.13137499999993452,"failureMessages":[],"meta":{}},{"ancestorTitles":["Error Types"],"fullName":"Error Types UnauthorizedError should have code 401","status":"passed","title":"UnauthorizedError should have code 401","duration":0.5786250000001019,"failureMessages":[],"meta":{}},{"ancestorTitles":["Error Types"],"fullName":"Error Types ValidationError should have code 422","status":"passed","title":"ValidationError should have code 422","duration":0.17637500000000728,"failureMessages":[],"meta":{}}],"startTime":1772554305688,"endTime":1772554305691.5786,"status":"passed","message":"","name":"/Users/beltrd/Desktop/projects/sentzunhat/zacatl/test/unit/error/types.test.ts"},{"assertionResults":[{"ancestorTitles":["Platforms wrapper"],"fullName":"Platforms wrapper forwards registerEntrypoints and start to server when only server configured","status":"passed","title":"forwards registerEntrypoints and start to server when only server configured","duration":1.821165999999721,"failureMessages":[],"meta":{}},{"ancestorTitles":["Platforms wrapper"],"fullName":"Platforms wrapper forwards to all configured platforms","status":"passed","title":"forwards to all configured platforms","duration":0.2759169999999358,"failureMessages":[],"meta":{}}],"startTime":1772554305831,"endTime":1772554305833.276,"status":"passed","message":"","name":"/Users/beltrd/Desktop/projects/sentzunhat/zacatl/test/unit/service/platforms.test.ts"},{"assertionResults":[{"ancestorTitles":["Service (unit)"],"fullName":"Service (unit) throws when config.type is missing","status":"passed","title":"throws when config.type is missing","duration":7.2161669999995866,"failureMessages":[],"meta":{}},{"ancestorTitles":["Service (unit)"],"fullName":"Service (unit) throws when ServiceType.SERVER is used without server platforms","status":"passed","title":"throws when ServiceType.SERVER is used without server platforms","duration":0.5542919999998048,"failureMessages":[],"meta":{}},{"ancestorTitles":["Service (unit)"],"fullName":"Service (unit) start() propagates platform start errors","status":"passed","title":"start() propagates platform start errors","duration":1.414708000000246,"failureMessages":[],"meta":{}}],"startTime":1772554305724,"endTime":1772554305733.4148,"status":"passed","message":"","name":"/Users/beltrd/Desktop/projects/sentzunhat/zacatl/test/unit/service/service.test.ts"},{"assertionResults":[{"ancestorTitles":["createPinoConfig"],"fullName":"createPinoConfig enables pino-pretty transport in development","status":"passed","title":"enables pino-pretty transport in development","duration":0.8943749999998545,"failureMessages":[],"meta":{}},{"ancestorTitles":["createPinoConfig"],"fullName":"createPinoConfig disables pretty transport in production","status":"passed","title":"disables pretty transport in production","duration":0.1416669999998703,"failureMessages":[],"meta":{}},{"ancestorTitles":["createPinoConfig"],"fullName":"createPinoConfig uses LOG_LEVEL env when provided","status":"passed","title":"uses LOG_LEVEL env when provided","duration":0.13354100000015023,"failureMessages":[],"meta":{}}],"startTime":1772554305858,"endTime":1772554305860.1335,"status":"passed","message":"","name":"/Users/beltrd/Desktop/projects/sentzunhat/zacatl/test/unit/logs/config.test.ts"},{"assertionResults":[{"ancestorTitles":["ConsoleLoggerAdapter"],"fullName":"ConsoleLoggerAdapter logs info with structured data","status":"passed","title":"logs info with structured data","duration":2.3542499999998654,"failureMessages":[],"meta":{}},{"ancestorTitles":["ConsoleLoggerAdapter"],"fullName":"ConsoleLoggerAdapter omits color codes when disabled","status":"passed","title":"omits color codes when disabled","duration":0.37958400000024994,"failureMessages":[],"meta":{}},{"ancestorTitles":["ConsoleLoggerAdapter"],"fullName":"ConsoleLoggerAdapter routes error and fatal to console.error","status":"passed","title":"routes error and fatal to console.error","duration":0.3392909999997755,"failureMessages":[],"meta":{}}],"startTime":1772554305536,"endTime":1772554305539.3394,"status":"passed","message":"","name":"/Users/beltrd/Desktop/projects/sentzunhat/zacatl/test/unit/logs/console-adapter.test.ts"},{"assertionResults":[{"ancestorTitles":["PinoLoggerAdapter"],"fullName":"PinoLoggerAdapter initializes pino with provided config","status":"passed","title":"initializes pino with provided config","duration":1.5768330000000788,"failureMessages":[],"meta":{}},{"ancestorTitles":["PinoLoggerAdapter"],"fullName":"PinoLoggerAdapter initializes pino with default config if none provided","status":"passed","title":"initializes pino with default config if none provided","duration":0.2334579999997004,"failureMessages":[],"meta":{}},{"ancestorTitles":["PinoLoggerAdapter"],"fullName":"PinoLoggerAdapter initializes pino with destination if provided","status":"passed","title":"initializes pino with destination if provided","duration":0.5701249999997344,"failureMessages":[],"meta":{}},{"ancestorTitles":["PinoLoggerAdapter"],"fullName":"PinoLoggerAdapter forwards structured payloads to pino","status":"passed","title":"forwards structured payloads to pino","duration":0.30437499999970896,"failureMessages":[],"meta":{}},{"ancestorTitles":["PinoLoggerAdapter"],"fullName":"PinoLoggerAdapter log calls info","status":"passed","title":"log calls info","duration":0.15741699999989578,"failureMessages":[],"meta":{}},{"ancestorTitles":["PinoLoggerAdapter"],"fullName":"PinoLoggerAdapter trace calls pino trace","status":"passed","title":"trace calls pino trace","duration":0.13966600000003382,"failureMessages":[],"meta":{}},{"ancestorTitles":["PinoLoggerAdapter"],"fullName":"PinoLoggerAdapter warn calls pino warn","status":"passed","title":"warn calls pino warn","duration":0.14399999999977808,"failureMessages":[],"meta":{}},{"ancestorTitles":["PinoLoggerAdapter"],"fullName":"PinoLoggerAdapter error calls pino error","status":"passed","title":"error calls pino error","duration":0.12283300000035524,"failureMessages":[],"meta":{}},{"ancestorTitles":["PinoLoggerAdapter"],"fullName":"PinoLoggerAdapter fatal calls pino fatal","status":"passed","title":"fatal calls pino fatal","duration":0.1374590000000353,"failureMessages":[],"meta":{}},{"ancestorTitles":["PinoLoggerAdapter"],"fullName":"PinoLoggerAdapter returns underlying pino instance","status":"passed","title":"returns underlying pino instance","duration":0.20020800000020245,"failureMessages":[],"meta":{}}],"startTime":1772554305298,"endTime":1772554305302.2002,"status":"passed","message":"","name":"/Users/beltrd/Desktop/projects/sentzunhat/zacatl/test/unit/logs/pino-adapter.test.ts"},{"assertionResults":[{"ancestorTitles":["commandSpecSchema"],"fullName":"commandSpecSchema should accept a minimal valid spec","status":"passed","title":"should accept a minimal valid spec","duration":1.4017919999996593,"failureMessages":[],"meta":{}},{"ancestorTitles":["commandSpecSchema"],"fullName":"commandSpecSchema should default args to an empty array","status":"passed","title":"should default args to an empty array","duration":0.4179999999996653,"failureMessages":[],"meta":{}},{"ancestorTitles":["commandSpecSchema"],"fullName":"commandSpecSchema should reject an empty cmd","status":"passed","title":"should reject an empty cmd","duration":0.281833000000006,"failureMessages":[],"meta":{}},{"ancestorTitles":["runnerPolicySchema"],"fullName":"runnerPolicySchema should fill safe defaults","status":"passed","title":"should fill safe defaults","duration":0.3977500000000873,"failureMessages":[],"meta":{}},{"ancestorTitles":["runnerPolicySchema"],"fullName":"runnerPolicySchema should reject maxConcurrency below 1","status":"passed","title":"should reject maxConcurrency below 1","duration":0.2907079999999951,"failureMessages":[],"meta":{}},{"ancestorTitles":["validateCommandSpec()"],"fullName":"validateCommandSpec() should pass for an allowed command","status":"passed","title":"should pass for an allowed command","duration":0.5998749999998836,"failureMessages":[],"meta":{}},{"ancestorTitles":["validateCommandSpec()"],"fullName":"validateCommandSpec() should throw when cmd is not in the allowlist","status":"passed","title":"should throw when cmd is not in the allowlist","duration":2.552874999999858,"failureMessages":[],"meta":{}},{"ancestorTitles":["validateCommandSpec()"],"fullName":"validateCommandSpec() should throw when an argument matches a deny pattern","status":"passed","title":"should throw when an argument matches a deny pattern","duration":0.3322920000000522,"failureMessages":[],"meta":{}},{"ancestorTitles":["validateCommandSpec()"],"fullName":"validateCommandSpec() should throw when an argument contains a shell metacharacter","status":"passed","title":"should throw when an argument contains a shell metacharacter","duration":0.3112919999998667,"failureMessages":[],"meta":{}},{"ancestorTitles":["validateCommandSpec()"],"fullName":"validateCommandSpec() should throw when cwd violates cwdPrefix","status":"passed","title":"should throw when cwd violates cwdPrefix","duration":0.302791999999954,"failureMessages":[],"meta":{}},{"ancestorTitles":["validateCommandSpec()"],"fullName":"validateCommandSpec() should pass when cwd satisfies cwdPrefix","status":"passed","title":"should pass when cwd satisfies cwdPrefix","duration":0.12791699999979755,"failureMessages":[],"meta":{}},{"ancestorTitles":["runCommand()"],"fullName":"runCommand() should capture stdout","status":"passed","title":"should capture stdout","duration":16.223167000000103,"failureMessages":[],"meta":{}},{"ancestorTitles":["runCommand()"],"fullName":"runCommand() should capture a non-zero exit code","status":"passed","title":"should capture a non-zero exit code","duration":41.8098329999998,"failureMessages":[],"meta":{}},{"ancestorTitles":["runCommand()"],"fullName":"runCommand() should capture stderr","status":"passed","title":"should capture stderr","duration":39.685833,"failureMessages":[],"meta":{}},{"ancestorTitles":["runCommand()"],"fullName":"runCommand() should resolve with exitCode null for an unknown binary","status":"passed","title":"should resolve with exitCode null for an unknown binary","duration":16.398749999999836,"failureMessages":[],"meta":{}},{"ancestorTitles":["runCommand()"],"fullName":"runCommand() should enforce timeout and set timedOut to true","status":"passed","title":"should enforce timeout and set timedOut to true","duration":209.25891599999977,"failureMessages":[],"meta":{}},{"ancestorTitles":["runCommand()"],"fullName":"runCommand() should reject when cmd is blocked by allowlist","status":"passed","title":"should reject when cmd is blocked by allowlist","duration":1.759791999999834,"failureMessages":[],"meta":{}},{"ancestorTitles":["executeCommands()"],"fullName":"executeCommands() should return an empty array for no commands","status":"passed","title":"should return an empty array for no commands","duration":0.16420800000014424,"failureMessages":[],"meta":{}},{"ancestorTitles":["executeCommands()"],"fullName":"executeCommands() should return results in input order","status":"passed","title":"should return results in input order","duration":23.79233299999987,"failureMessages":[],"meta":{}},{"ancestorTitles":["executeCommands()"],"fullName":"executeCommands() should complete all commands when bounded by maxConcurrency","status":"passed","title":"should complete all commands when bounded by maxConcurrency","duration":40.13220799999999,"failureMessages":[],"meta":{}},{"ancestorTitles":["executeCommands()"],"fullName":"executeCommands() should apply policy defaults when an empty policy object is given","status":"passed","title":"should apply policy defaults when an empty policy object is given","duration":2.404125000000022,"failureMessages":[],"meta":{}}],"startTime":1772554304420,"endTime":1772554304819.404,"status":"passed","message":"","name":"/Users/beltrd/Desktop/projects/sentzunhat/zacatl/test/unit/utils/command-runner.test.ts"},{"assertionResults":[{"ancestorTitles":["Encode-Decode Utilities","encode()"],"fullName":"Encode-Decode Utilities encode() should encode string to base64 by default","status":"passed","title":"should encode string to base64 by default","duration":1.076792000000296,"failureMessages":[],"meta":{}},{"ancestorTitles":["Encode-Decode Utilities","encode()"],"fullName":"Encode-Decode Utilities encode() should encode string to hex","status":"passed","title":"should encode string to hex","duration":0.12924999999995634,"failureMessages":[],"meta":{}},{"ancestorTitles":["Encode-Decode Utilities","encode()"],"fullName":"Encode-Decode Utilities encode() should encode string to base64url","status":"passed","title":"should encode string to base64url","duration":1.2635420000001432,"failureMessages":[],"meta":{}},{"ancestorTitles":["Encode-Decode Utilities","encode()"],"fullName":"Encode-Decode Utilities encode() should encode string from utf-8 to base64","status":"passed","title":"should encode string from utf-8 to base64","duration":0.12766699999974662,"failureMessages":[],"meta":{}},{"ancestorTitles":["Encode-Decode Utilities","encode()"],"fullName":"Encode-Decode Utilities encode() should encode string from utf8 (without dash) to base64","status":"passed","title":"should encode string from utf8 (without dash) to base64","duration":0.10391699999991033,"failureMessages":[],"meta":{}},{"ancestorTitles":["Encode-Decode Utilities","encode()"],"fullName":"Encode-Decode Utilities encode() should handle empty string","status":"passed","title":"should handle empty string","duration":0.07858299999998053,"failureMessages":[],"meta":{}},{"ancestorTitles":["Encode-Decode Utilities","encode()"],"fullName":"Encode-Decode Utilities encode() should handle unicode characters","status":"passed","title":"should handle unicode characters","duration":0.15020800000002055,"failureMessages":[],"meta":{}},{"ancestorTitles":["Encode-Decode Utilities","encode()"],"fullName":"Encode-Decode Utilities encode() should handle latin1 encoding","status":"passed","title":"should handle latin1 encoding","duration":0.07641699999976481,"failureMessages":[],"meta":{}},{"ancestorTitles":["Encode-Decode Utilities","encode()"],"fullName":"Encode-Decode Utilities encode() should encode with ascii encoding","status":"passed","title":"should encode with ascii encoding","duration":0.0854589999999007,"failureMessages":[],"meta":{}},{"ancestorTitles":["Encode-Decode Utilities","encode()"],"fullName":"Encode-Decode Utilities encode() should encode binary data","status":"passed","title":"should encode binary data","duration":0.10050000000001091,"failureMessages":[],"meta":{}},{"ancestorTitles":["Encode-Decode Utilities","decode()"],"fullName":"Encode-Decode Utilities decode() should decode base64 to utf-8 by default","status":"passed","title":"should decode base64 to utf-8 by default","duration":0.09470899999996618,"failureMessages":[],"meta":{}},{"ancestorTitles":["Encode-Decode Utilities","decode()"],"fullName":"Encode-Decode Utilities decode() should decode hex to utf-8","status":"passed","title":"should decode hex to utf-8","duration":0.06720899999982066,"failureMessages":[],"meta":{}},{"ancestorTitles":["Encode-Decode Utilities","decode()"],"fullName":"Encode-Decode Utilities decode() should decode base64url to utf-8","status":"passed","title":"should decode base64url to utf-8","duration":0.06120899999996254,"failureMessages":[],"meta":{}},{"ancestorTitles":["Encode-Decode Utilities","decode()"],"fullName":"Encode-Decode Utilities decode() should decode base64 to utf8 (without dash)","status":"passed","title":"should decode base64 to utf8 (without dash)","duration":0.05929199999991397,"failureMessages":[],"meta":{}},{"ancestorTitles":["Encode-Decode Utilities","decode()"],"fullName":"Encode-Decode Utilities decode() should handle empty string","status":"passed","title":"should handle empty string","duration":0.055917000000135886,"failureMessages":[],"meta":{}},{"ancestorTitles":["Encode-Decode Utilities","decode()"],"fullName":"Encode-Decode Utilities decode() should decode unicode characters","status":"passed","title":"should decode unicode characters","duration":0.07312500000034561,"failureMessages":[],"meta":{}},{"ancestorTitles":["Encode-Decode Utilities","decode()"],"fullName":"Encode-Decode Utilities decode() should decode hex to ascii","status":"passed","title":"should decode hex to ascii","duration":0.059707999999773165,"failureMessages":[],"meta":{}},{"ancestorTitles":["Encode-Decode Utilities","decode()"],"fullName":"Encode-Decode Utilities decode() should decode binary data","status":"passed","title":"should decode binary data","duration":0.05895800000007512,"failureMessages":[],"meta":{}},{"ancestorTitles":["Encode-Decode Utilities","decode()"],"fullName":"Encode-Decode Utilities decode() should decode latin1","status":"passed","title":"should decode latin1","duration":0.06424999999990177,"failureMessages":[],"meta":{}},{"ancestorTitles":["Encode-Decode Utilities","Round-trip encoding/decoding"],"fullName":"Encode-Decode Utilities Round-trip encoding/decoding should encode and decode utf-8 text","status":"passed","title":"should encode and decode utf-8 text","duration":0.06733299999996234,"failureMessages":[],"meta":{}},{"ancestorTitles":["Encode-Decode Utilities","Round-trip encoding/decoding"],"fullName":"Encode-Decode Utilities Round-trip encoding/decoding should encode and decode unicode text","status":"passed","title":"should encode and decode unicode text","duration":0.0752079999997477,"failureMessages":[],"meta":{}},{"ancestorTitles":["Encode-Decode Utilities","Round-trip encoding/decoding"],"fullName":"Encode-Decode Utilities Round-trip encoding/decoding should encode and decode hex","status":"passed","title":"should encode and decode hex","duration":0.06370800000013332,"failureMessages":[],"meta":{}},{"ancestorTitles":["Encode-Decode Utilities","Round-trip encoding/decoding"],"fullName":"Encode-Decode Utilities Round-trip encoding/decoding should encode and decode complex strings","status":"passed","title":"should encode and decode complex strings","duration":0.09349999999994907,"failureMessages":[],"meta":{}},{"ancestorTitles":["Encode-Decode Utilities","Round-trip encoding/decoding"],"fullName":"Encode-Decode Utilities Round-trip encoding/decoding should handle multi-format conversions","status":"passed","title":"should handle multi-format conversions","duration":0.0759579999999005,"failureMessages":[],"meta":{}}],"startTime":1772554305161,"endTime":1772554305166.0935,"status":"passed","message":"","name":"/Users/beltrd/Desktop/projects/sentzunhat/zacatl/test/unit/utils/encode-decode.test.ts"},{"assertionResults":[{"ancestorTitles":["Error Guard Utilities","isError()"],"fullName":"Error Guard Utilities isError() should identify standard Error instances","status":"passed","title":"should identify standard Error instances","duration":0.7698340000001735,"failureMessages":[],"meta":{}},{"ancestorTitles":["Error Guard Utilities","isError()"],"fullName":"Error Guard Utilities isError() should identify TypeError instances","status":"passed","title":"should identify TypeError instances","duration":0.1113749999999527,"failureMessages":[],"meta":{}},{"ancestorTitles":["Error Guard Utilities","isError()"],"fullName":"Error Guard Utilities isError() should identify ReferenceError instances","status":"passed","title":"should identify ReferenceError instances","duration":0.10270900000023175,"failureMessages":[],"meta":{}},{"ancestorTitles":["Error Guard Utilities","isError()"],"fullName":"Error Guard Utilities isError() should reject null","status":"passed","title":"should reject null","duration":0.078125,"failureMessages":[],"meta":{}},{"ancestorTitles":["Error Guard Utilities","isError()"],"fullName":"Error Guard Utilities isError() should reject undefined","status":"passed","title":"should reject undefined","duration":0.07933400000001711,"failureMessages":[],"meta":{}},{"ancestorTitles":["Error Guard Utilities","isError()"],"fullName":"Error Guard Utilities isError() should reject plain objects","status":"passed","title":"should reject plain objects","duration":0.06308400000034453,"failureMessages":[],"meta":{}},{"ancestorTitles":["Error Guard Utilities","isError()"],"fullName":"Error Guard Utilities isError() should reject strings","status":"passed","title":"should reject strings","duration":0.05541700000003402,"failureMessages":[],"meta":{}},{"ancestorTitles":["Error Guard Utilities","isError()"],"fullName":"Error Guard Utilities isError() should reject numbers","status":"passed","title":"should reject numbers","duration":0.053875000000061846,"failureMessages":[],"meta":{}},{"ancestorTitles":["Error Guard Utilities","isError()"],"fullName":"Error Guard Utilities isError() should identify SyntaxError","status":"passed","title":"should identify SyntaxError","duration":0.08449999999993452,"failureMessages":[],"meta":{}},{"ancestorTitles":["Error Guard Utilities","isZodError()"],"fullName":"Error Guard Utilities isZodError() should identify ZodError from schema validation","status":"passed","title":"should identify ZodError from schema validation","duration":1.8559580000001006,"failureMessages":[],"meta":{}},{"ancestorTitles":["Error Guard Utilities","isZodError()"],"fullName":"Error Guard Utilities isZodError() should identify ZodError with multiple validation failures","status":"passed","title":"should identify ZodError with multiple validation failures","duration":1.006416000000172,"failureMessages":[],"meta":{}},{"ancestorTitles":["Error Guard Utilities","isZodError()"],"fullName":"Error Guard Utilities isZodError() should reject regular Error instances","status":"passed","title":"should reject regular Error instances","duration":0.08241700000007768,"failureMessages":[],"meta":{}},{"ancestorTitles":["Error Guard Utilities","isZodError()"],"fullName":"Error Guard Utilities isZodError() should reject plain objects without ZodError structure","status":"passed","title":"should reject plain objects without ZodError structure","duration":0.061625000000276486,"failureMessages":[],"meta":{}},{"ancestorTitles":["Error Guard Utilities","isZodError()"],"fullName":"Error Guard Utilities isZodError() should reject null","status":"passed","title":"should reject null","duration":0.05658300000004601,"failureMessages":[],"meta":{}},{"ancestorTitles":["Error Guard Utilities","isZodError()"],"fullName":"Error Guard Utilities isZodError() should reject undefined","status":"passed","title":"should reject undefined","duration":0.12649999999985084,"failureMessages":[],"meta":{}},{"ancestorTitles":["Error Guard Utilities","isZodError()"],"fullName":"Error Guard Utilities isZodError() should reject objects with name field but not ZodError","status":"passed","title":"should reject objects with name field but not ZodError","duration":0.07487500000024738,"failureMessages":[],"meta":{}},{"ancestorTitles":["Error Guard Utilities","isCustomError()"],"fullName":"Error Guard Utilities isCustomError() should identify CustomError instances","status":"passed","title":"should identify CustomError instances","duration":0.3263750000000982,"failureMessages":[],"meta":{}},{"ancestorTitles":["Error Guard Utilities","isCustomError()"],"fullName":"Error Guard Utilities isCustomError() should identify CustomError with correlation ID","status":"passed","title":"should identify CustomError with correlation ID","duration":0.08204200000000128,"failureMessages":[],"meta":{}},{"ancestorTitles":["Error Guard Utilities","isCustomError()"],"fullName":"Error Guard Utilities isCustomError() should identify CustomError with metadata","status":"passed","title":"should identify CustomError with metadata","duration":0.07641700000021956,"failureMessages":[],"meta":{}},{"ancestorTitles":["Error Guard Utilities","isCustomError()"],"fullName":"Error Guard Utilities isCustomError() should reject regular Error instances","status":"passed","title":"should reject regular Error instances","duration":0.06062499999961801,"failureMessages":[],"meta":{}},{"ancestorTitles":["Error Guard Utilities","isCustomError()"],"fullName":"Error Guard Utilities isCustomError() should reject objects with code but not Error instances","status":"passed","title":"should reject objects with code but not Error instances","duration":0.05570900000020629,"failureMessages":[],"meta":{}},{"ancestorTitles":["Error Guard Utilities","isCustomError()"],"fullName":"Error Guard Utilities isCustomError() should reject null","status":"passed","title":"should reject null","duration":0.05891599999995378,"failureMessages":[],"meta":{}},{"ancestorTitles":["Error Guard Utilities","isCustomError()"],"fullName":"Error Guard Utilities isCustomError() should reject undefined","status":"passed","title":"should reject undefined","duration":0.05329200000005585,"failureMessages":[],"meta":{}},{"ancestorTitles":["Error Guard Utilities","isCustomError()"],"fullName":"Error Guard Utilities isCustomError() should reject plain objects","status":"passed","title":"should reject plain objects","duration":0.05704100000002654,"failureMessages":[],"meta":{}},{"ancestorTitles":["Error Guard Utilities","isNodeError()"],"fullName":"Error Guard Utilities isNodeError() should identify Node.js filesystem errors","status":"passed","title":"should identify Node.js filesystem errors","duration":0.0820000000003347,"failureMessages":[],"meta":{}},{"ancestorTitles":["Error Guard Utilities","isNodeError()"],"fullName":"Error Guard Utilities isNodeError() should identify Error with code property","status":"passed","title":"should identify Error with code property","duration":0.062457999999878666,"failureMessages":[],"meta":{}},{"ancestorTitles":["Error Guard Utilities","isNodeError()"],"fullName":"Error Guard Utilities isNodeError() should identify Error with errno property","status":"passed","title":"should identify Error with errno property","duration":0.06104200000027049,"failureMessages":[],"meta":{}},{"ancestorTitles":["Error Guard Utilities","isNodeError()"],"fullName":"Error Guard Utilities isNodeError() should identify Error with syscall property","status":"passed","title":"should identify Error with syscall property","duration":0.07225000000016735,"failureMessages":[],"meta":{}},{"ancestorTitles":["Error Guard Utilities","isNodeError()"],"fullName":"Error Guard Utilities isNodeError() should reject regular Error without properties","status":"passed","title":"should reject regular Error without properties","duration":0.05791700000008859,"failureMessages":[],"meta":{}},{"ancestorTitles":["Error Guard Utilities","isNodeError()"],"fullName":"Error Guard Utilities isNodeError() should reject non-Error objects with code property","status":"passed","title":"should reject non-Error objects with code property","duration":0.05400000000008731,"failureMessages":[],"meta":{}},{"ancestorTitles":["Error Guard Utilities","isNodeError()"],"fullName":"Error Guard Utilities isNodeError() should reject null","status":"passed","title":"should reject null","duration":0.05133299999988594,"failureMessages":[],"meta":{}},{"ancestorTitles":["Error Guard Utilities","isNodeError()"],"fullName":"Error Guard Utilities isNodeError() should reject undefined","status":"passed","title":"should reject undefined","duration":0.05150000000003274,"failureMessages":[],"meta":{}},{"ancestorTitles":["Error Guard Utilities","isNodeError()"],"fullName":"Error Guard Utilities isNodeError() should handle combined error properties","status":"passed","title":"should handle combined error properties","duration":0.060332999999900494,"failureMessages":[],"meta":{}},{"ancestorTitles":["Error Guard Utilities","isSyntaxError()"],"fullName":"Error Guard Utilities isSyntaxError() should identify SyntaxError from JSON parsing","status":"passed","title":"should identify SyntaxError from JSON parsing","duration":0.07879099999991013,"failureMessages":[],"meta":{}},{"ancestorTitles":["Error Guard Utilities","isSyntaxError()"],"fullName":"Error Guard Utilities isSyntaxError() should identify manually created SyntaxError","status":"passed","title":"should identify manually created SyntaxError","duration":0.05866700000024139,"failureMessages":[],"meta":{}},{"ancestorTitles":["Error Guard Utilities","isSyntaxError()"],"fullName":"Error Guard Utilities isSyntaxError() should reject regular Error","status":"passed","title":"should reject regular Error","duration":0.05670899999995527,"failureMessages":[],"meta":{}},{"ancestorTitles":["Error Guard Utilities","isSyntaxError()"],"fullName":"Error Guard Utilities isSyntaxError() should reject TypeError","status":"passed","title":"should reject TypeError","duration":0.057624999999916326,"failureMessages":[],"meta":{}},{"ancestorTitles":["Error Guard Utilities","isSyntaxError()"],"fullName":"Error Guard Utilities isSyntaxError() should reject null","status":"passed","title":"should reject null","duration":0.0500000000001819,"failureMessages":[],"meta":{}},{"ancestorTitles":["Error Guard Utilities","isSyntaxError()"],"fullName":"Error Guard Utilities isSyntaxError() should reject undefined","status":"passed","title":"should reject undefined","duration":0.04975000000013097,"failureMessages":[],"meta":{}},{"ancestorTitles":["Error Guard Utilities","isSyntaxError()"],"fullName":"Error Guard Utilities isSyntaxError() should reject plain objects","status":"passed","title":"should reject plain objects","duration":0.05024999999977808,"failureMessages":[],"meta":{}},{"ancestorTitles":["Error Guard Utilities","isSyntaxError()"],"fullName":"Error Guard Utilities isSyntaxError() should identify SyntaxError with custom message","status":"passed","title":"should identify SyntaxError with custom message","duration":0.05545799999981682,"failureMessages":[],"meta":{}},{"ancestorTitles":["Error Guard Utilities","Error guard combinations"],"fullName":"Error Guard Utilities Error guard combinations should identify CustomError and reject as ZodError","status":"passed","title":"should identify CustomError and reject as ZodError","duration":0.09050000000024738,"failureMessages":[],"meta":{}},{"ancestorTitles":["Error Guard Utilities","Error guard combinations"],"fullName":"Error Guard Utilities Error guard combinations should handle error chains","status":"passed","title":"should handle error chains","duration":0.11650000000008731,"failureMessages":[],"meta":{}},{"ancestorTitles":["Error Guard Utilities","Error guard combinations"],"fullName":"Error Guard Utilities Error guard combinations should correctly identify various error types in array","status":"passed","title":"should correctly identify various error types in array","duration":0.11266699999987395,"failureMessages":[],"meta":{}}],"startTime":1772554305085,"endTime":1772554305093.1165,"status":"passed","message":"","name":"/Users/beltrd/Desktop/projects/sentzunhat/zacatl/test/unit/utils/error-guards.test.ts"},{"assertionResults":[{"ancestorTitles":["HMAC Utilities","generateHmac()"],"fullName":"HMAC Utilities generateHmac() should generate HMAC with default SHA256 and hex encoding","status":"passed","title":"should generate HMAC with default SHA256 and hex encoding","duration":1.239708999999948,"failureMessages":[],"meta":{}},{"ancestorTitles":["HMAC Utilities","generateHmac()"],"fullName":"HMAC Utilities generateHmac() should generate consistent HMACs for same inputs","status":"passed","title":"should generate consistent HMACs for same inputs","duration":0.13345899999967514,"failureMessages":[],"meta":{}},{"ancestorTitles":["HMAC Utilities","generateHmac()"],"fullName":"HMAC Utilities generateHmac() should generate different HMACs for different messages","status":"passed","title":"should generate different HMACs for different messages","duration":0.42216700000017227,"failureMessages":[],"meta":{}},{"ancestorTitles":["HMAC Utilities","generateHmac()"],"fullName":"HMAC Utilities generateHmac() should generate different HMACs for different secret keys","status":"passed","title":"should generate different HMACs for different secret keys","duration":0.13020899999992253,"failureMessages":[],"meta":{}},{"ancestorTitles":["HMAC Utilities","generateHmac()"],"fullName":"HMAC Utilities generateHmac() should support SHA512 algorithm","status":"passed","title":"should support SHA512 algorithm","duration":0.12491700000009587,"failureMessages":[],"meta":{}},{"ancestorTitles":["HMAC Utilities","generateHmac()"],"fullName":"HMAC Utilities generateHmac() should support SHA1 algorithm","status":"passed","title":"should support SHA1 algorithm","duration":0.11829199999965567,"failureMessages":[],"meta":{}},{"ancestorTitles":["HMAC Utilities","generateHmac()"],"fullName":"HMAC Utilities generateHmac() should support MD5 algorithm","status":"passed","title":"should support MD5 algorithm","duration":0.1146670000002814,"failureMessages":[],"meta":{}},{"ancestorTitles":["HMAC Utilities","generateHmac()"],"fullName":"HMAC Utilities generateHmac() should generate HMAC in base64 encoding","status":"passed","title":"should generate HMAC in base64 encoding","duration":0.11495899999999892,"failureMessages":[],"meta":{}},{"ancestorTitles":["HMAC Utilities","generateHmac()"],"fullName":"HMAC Utilities generateHmac() should generate HMAC in base64url encoding","status":"passed","title":"should generate HMAC in base64url encoding","duration":0.11020899999994072,"failureMessages":[],"meta":{}},{"ancestorTitles":["HMAC Utilities","generateHmac()"],"fullName":"HMAC Utilities generateHmac() should support empty message","status":"passed","title":"should support empty message","duration":0.10687499999994543,"failureMessages":[],"meta":{}},{"ancestorTitles":["HMAC Utilities","generateHmac()"],"fullName":"HMAC Utilities generateHmac() should support empty secret key","status":"passed","title":"should support empty secret key","duration":0.09270800000012969,"failureMessages":[],"meta":{}},{"ancestorTitles":["HMAC Utilities","generateHmac()"],"fullName":"HMAC Utilities generateHmac() should handle unicode characters in message","status":"passed","title":"should handle unicode characters in message","duration":0.0878749999997126,"failureMessages":[],"meta":{}},{"ancestorTitles":["HMAC Utilities","generateHmac()"],"fullName":"HMAC Utilities generateHmac() should handle unicode characters in secret key","status":"passed","title":"should handle unicode characters in secret key","duration":0.08758299999999508,"failureMessages":[],"meta":{}},{"ancestorTitles":["HMAC Utilities","generateHmac()"],"fullName":"HMAC Utilities generateHmac() should handle very long messages","status":"passed","title":"should handle very long messages","duration":0.09654199999977209,"failureMessages":[],"meta":{}},{"ancestorTitles":["HMAC Utilities","generateHmac()"],"fullName":"HMAC Utilities generateHmac() should handle very long secret keys","status":"passed","title":"should handle very long secret keys","duration":0.0961250000000291,"failureMessages":[],"meta":{}},{"ancestorTitles":["HMAC Utilities","generateHmac()"],"fullName":"HMAC Utilities generateHmac() should handle special characters in message","status":"passed","title":"should handle special characters in message","duration":0.07616699999971388,"failureMessages":[],"meta":{}},{"ancestorTitles":["HMAC Utilities","generateHmac()"],"fullName":"HMAC Utilities generateHmac() should handle special characters in secret key","status":"passed","title":"should handle special characters in secret key","duration":0.07441599999992832,"failureMessages":[],"meta":{}},{"ancestorTitles":["HMAC Utilities","generateHmac()"],"fullName":"HMAC Utilities generateHmac() should produce hex output with lowercase characters","status":"passed","title":"should produce hex output with lowercase characters","duration":0.07266700000036508,"failureMessages":[],"meta":{}},{"ancestorTitles":["HMAC Utilities","generateHmac()"],"fullName":"HMAC Utilities generateHmac() should combine SHA512 with base64 encoding","status":"passed","title":"should combine SHA512 with base64 encoding","duration":0.1038340000000062,"failureMessages":[],"meta":{}},{"ancestorTitles":["HMAC Utilities","generateHmac()"],"fullName":"HMAC Utilities generateHmac() should combine SHA512 with base64url encoding","status":"passed","title":"should combine SHA512 with base64url encoding","duration":0.09229199999981574,"failureMessages":[],"meta":{}},{"ancestorTitles":["HMAC Utilities","generateHmac()"],"fullName":"HMAC Utilities generateHmac() should combine MD5 with base64 encoding","status":"passed","title":"should combine MD5 with base64 encoding","duration":0.07749999999987267,"failureMessages":[],"meta":{}},{"ancestorTitles":["HMAC Utilities","generateHmac()"],"fullName":"HMAC Utilities generateHmac() should produce known HMAC values (test vector)","status":"passed","title":"should produce known HMAC values (test vector)","duration":0.0816250000002583,"failureMessages":[],"meta":{}},{"ancestorTitles":["HMAC Utilities","generateHmac()"],"fullName":"HMAC Utilities generateHmac() should produce different outputs for different algorithms","status":"passed","title":"should produce different outputs for different algorithms","duration":0.21583300000020245,"failureMessages":[],"meta":{}},{"ancestorTitles":["HMAC Utilities","generateHmac()"],"fullName":"HMAC Utilities generateHmac() should work for API signature verification use case","status":"passed","title":"should work for API signature verification use case","duration":0.08424999999988358,"failureMessages":[],"meta":{}},{"ancestorTitles":["HMAC Utilities","generateHmac()"],"fullName":"HMAC Utilities generateHmac() should work for webhook payload signing","status":"passed","title":"should work for webhook payload signing","duration":0.07766599999968093,"failureMessages":[],"meta":{}}],"startTime":1772554305217,"endTime":1772554305221.2158,"status":"passed","message":"","name":"/Users/beltrd/Desktop/projects/sentzunhat/zacatl/test/unit/utils/hmac.test.ts"},{"assertionResults":[{"ancestorTitles":["measureExecutionTime()"],"fullName":"measureExecutionTime() executes the callback and logs start/end messages by default","status":"passed","title":"executes the callback and logs start/end messages by default","duration":3.0712909999997464,"failureMessages":[],"meta":{}},{"ancestorTitles":["measureExecutionTime()"],"fullName":"measureExecutionTime() skips all log output when skipOutput is true","status":"passed","title":"skips all log output when skipOutput is true","duration":0.34362499999997453,"failureMessages":[],"meta":{}},{"ancestorTitles":["measureExecutionTime()"],"fullName":"measureExecutionTime() propagates errors thrown by the callback","status":"passed","title":"propagates errors thrown by the callback","duration":0.7934159999999792,"failureMessages":[],"meta":{}}],"startTime":1772554305662,"endTime":1772554305666.7935,"status":"passed","message":"","name":"/Users/beltrd/Desktop/projects/sentzunhat/zacatl/test/unit/utils/measure-execution-time.test.ts"},{"assertionResults":[{"ancestorTitles":["Export Strategy Verification","Core Requirements"],"fullName":"Export Strategy Verification Core Requirements should NOT export ORMs from main package (bug fix)","status":"passed","title":"should NOT export ORMs from main package (bug fix)","duration":1428.144417,"failureMessages":[],"meta":{}},{"ancestorTitles":["Export Strategy Verification","Core Requirements"],"fullName":"Export Strategy Verification Core Requirements should provide DI utilities from main package","status":"passed","title":"should provide DI utilities from main package","duration":0.25575000000026193,"failureMessages":[],"meta":{}},{"ancestorTitles":["Export Strategy Verification","Core Requirements"],"fullName":"Export Strategy Verification Core Requirements should provide dedicated Mongoose subpath","status":"passed","title":"should provide dedicated Mongoose subpath","duration":0.20691699999997581,"failureMessages":[],"meta":{}},{"ancestorTitles":["Export Strategy Verification","Core Requirements"],"fullName":"Export Strategy Verification Core Requirements should provide dedicated Sequelize subpath","status":"passed","title":"should provide dedicated Sequelize subpath","duration":67.24583299999995,"failureMessages":[],"meta":{}},{"ancestorTitles":["Export Strategy Verification","Subpath-Only Import Strategy"],"fullName":"Export Strategy Verification Subpath-Only Import Strategy should require subpath imports for Mongoose access","status":"passed","title":"should require subpath imports for Mongoose access","duration":0.2159580000002279,"failureMessages":[],"meta":{}},{"ancestorTitles":["Export Strategy Verification","Subpath-Only Import Strategy"],"fullName":"Export Strategy Verification Subpath-Only Import Strategy should require subpath imports for Sequelize access","status":"passed","title":"should require subpath imports for Sequelize access","duration":0.1384170000001177,"failureMessages":[],"meta":{}},{"ancestorTitles":["Export Strategy Verification","Subpath-Only Import Strategy"],"fullName":"Export Strategy Verification Subpath-Only Import Strategy should not load mongoose when importing Service from main","status":"passed","title":"should not load mongoose when importing Service from main","duration":0.12933299999986048,"failureMessages":[],"meta":{}},{"ancestorTitles":["Export Strategy Verification","Subpath-Only Import Strategy"],"fullName":"Export Strategy Verification Subpath-Only Import Strategy should not load sequelize when importing Service from main","status":"passed","title":"should not load sequelize when importing Service from main","duration":0.12895800000023883,"failureMessages":[],"meta":{}},{"ancestorTitles":["Export Strategy Verification","Benefits of Subpath Strategy"],"fullName":"Export Strategy Verification Benefits of Subpath Strategy should enable tree-shaking of unused ORMs","status":"passed","title":"should enable tree-shaking of unused ORMs","duration":0.1092079999998532,"failureMessages":[],"meta":{}},{"ancestorTitles":["Export Strategy Verification","Benefits of Subpath Strategy"],"fullName":"Export Strategy Verification Benefits of Subpath Strategy should provide clean imports without re-exports from main","status":"passed","title":"should provide clean imports without re-exports from main","duration":0.16466600000012477,"failureMessages":[],"meta":{}},{"ancestorTitles":["Export Strategy Verification","Benefits of Subpath Strategy"],"fullName":"Export Strategy Verification Benefits of Subpath Strategy should maintain minimal bundle size for users not needing ORMs","status":"passed","title":"should maintain minimal bundle size for users not needing ORMs","duration":0.11429199999975026,"failureMessages":[],"meta":{}}],"startTime":1772554304013,"endTime":1772554305510.1646,"status":"passed","message":"","name":"/Users/beltrd/Desktop/projects/sentzunhat/zacatl/test/unit/third-party/export-strategy.test.ts"},{"assertionResults":[{"ancestorTitles":["i18n-node core"],"fullName":"i18n-node core loadStaticCatalog reads available locale files","status":"passed","title":"loadStaticCatalog reads available locale files","duration":10.784583000000111,"failureMessages":[],"meta":{}},{"ancestorTitles":["i18n-node core"],"fullName":"i18n-node core mergeStaticCatalogs merges and respects overrideBuiltIn flag","status":"passed","title":"mergeStaticCatalogs merges and respects overrideBuiltIn flag","duration":0.5445420000000922,"failureMessages":[],"meta":{}}],"startTime":1772554304697,"endTime":1772554304708.5444,"status":"passed","message":"","name":"/Users/beltrd/Desktop/projects/sentzunhat/zacatl/test/unit/localization/node/core.test.ts"},{"assertionResults":[{"ancestorTitles":["i18n-node helpers"],"fullName":"i18n-node helpers isPlainObject detects plain objects correctly","status":"passed","title":"isPlainObject detects plain objects correctly","duration":0.8727089999997588,"failureMessages":[],"meta":{}},{"ancestorTitles":["i18n-node helpers"],"fullName":"i18n-node helpers deepMerge merges nested objects and overrides primitives","status":"passed","title":"deepMerge merges nested objects and overrides primitives","duration":0.26175000000012005,"failureMessages":[],"meta":{}},{"ancestorTitles":["i18n-node helpers"],"fullName":"i18n-node helpers readJsonFile returns object when JSON file contains an object","status":"passed","title":"readJsonFile returns object when JSON file contains an object","duration":0.7212079999999332,"failureMessages":[],"meta":{}},{"ancestorTitles":["i18n-node helpers"],"fullName":"i18n-node helpers readJsonFile throws BadRequestError for non-object JSON","status":"passed","title":"readJsonFile throws BadRequestError for non-object JSON","duration":0.913166999999703,"failureMessages":[],"meta":{}},{"ancestorTitles":["i18n-node helpers"],"fullName":"i18n-node helpers findExistingDir returns first existing directory or null","status":"passed","title":"findExistingDir returns first existing directory or null","duration":0.5394169999999576,"failureMessages":[],"meta":{}}],"startTime":1772554304517,"endTime":1772554304520.5393,"status":"passed","message":"","name":"/Users/beltrd/Desktop/projects/sentzunhat/zacatl/test/unit/localization/node/helpers.test.ts"},{"assertionResults":[{"ancestorTitles":["Application"],"fullName":"Application should register hook and route handlers on construction (new pattern)","status":"passed","title":"should register hook and route handlers on construction (new pattern)","duration":2.5479159999999865,"failureMessages":[],"meta":{}}],"startTime":1772554305611,"endTime":1772554305613.5479,"status":"passed","message":"","name":"/Users/beltrd/Desktop/projects/sentzunhat/zacatl/test/unit/service/layers/application/application.test.ts"},{"assertionResults":[{"ancestorTitles":["Infrastructure"],"fullName":"Infrastructure should store the configuration passed in the constructor","status":"passed","title":"should store the configuration passed in the constructor","duration":1.389999999999418,"failureMessages":[],"meta":{}},{"ancestorTitles":["Infrastructure"],"fullName":"Infrastructure should register dependencies on construction (new pattern)","status":"passed","title":"should register dependencies on construction (new pattern)","duration":1.138249999999971,"failureMessages":[],"meta":{}},{"ancestorTitles":["Infrastructure"],"fullName":"Infrastructure start() method exists for interface compatibility","status":"passed","title":"start() method exists for interface compatibility","duration":0.5953330000002097,"failureMessages":[],"meta":{}}],"startTime":1772554305969,"endTime":1772554305971.5952,"status":"passed","message":"","name":"/Users/beltrd/Desktop/projects/sentzunhat/zacatl/test/unit/service/layers/infrastructure/infrastructure.test.ts"},{"assertionResults":[{"ancestorTitles":["requestContext (AsyncLocalStorage)"],"fullName":"requestContext (AsyncLocalStorage) getStore() returns undefined outside a run() scope","status":"passed","title":"getStore() returns undefined outside a run() scope","duration":1.3710839999994278,"failureMessages":[],"meta":{}},{"ancestorTitles":["requestContext (AsyncLocalStorage)"],"fullName":"requestContext (AsyncLocalStorage) getStore() returns the active context within a run() scope","status":"passed","title":"getStore() returns the active context within a run() scope","duration":1.0605829999994967,"failureMessages":[],"meta":{}},{"ancestorTitles":["requestContext (AsyncLocalStorage)"],"fullName":"requestContext (AsyncLocalStorage) contexts do not leak across run() scopes","status":"passed","title":"contexts do not leak across run() scopes","duration":0.5220830000007481,"failureMessages":[],"meta":{}},{"ancestorTitles":["requestContextMixin()"],"fullName":"requestContextMixin() returns an empty object when no context is active","status":"passed","title":"returns an empty object when no context is active","duration":0.2888750000001892,"failureMessages":[],"meta":{}},{"ancestorTitles":["requestContextMixin()"],"fullName":"requestContextMixin() returns the active context store fields inside a run() scope","status":"passed","title":"returns the active context store fields inside a run() scope","duration":0.31850000000031287,"failureMessages":[],"meta":{}}],"startTime":1772554305829,"endTime":1772554305833.3186,"status":"passed","message":"","name":"/Users/beltrd/Desktop/projects/sentzunhat/zacatl/test/unit/service/platforms/context/request-context.test.ts"},{"assertionResults":[{"ancestorTitles":["CLI.start() — not implemented"],"fullName":"CLI.start() — not implemented throws an InternalServerError with a clear message","status":"passed","title":"throws an InternalServerError with a clear message","duration":1.3496670000004087,"failureMessages":[],"meta":{}},{"ancestorTitles":["CLI.start() — not implemented"],"fullName":"CLI.start() — not implemented error message mentions the CLI platform name","status":"passed","title":"error message mentions the CLI platform name","duration":0.1937499999994543,"failureMessages":[],"meta":{}},{"ancestorTitles":["CLI.start() — not implemented"],"fullName":"CLI.start() — not implemented error message hints at v0.1.0 timeline","status":"passed","title":"error message hints at v0.1.0 timeline","duration":0.14562500000010914,"failureMessages":[],"meta":{}},{"ancestorTitles":["CLI.start() — not implemented"],"fullName":"CLI.start() — not implemented stop() resolves without throwing","status":"passed","title":"stop() resolves without throwing","duration":0.2263329999996131,"failureMessages":[],"meta":{}},{"ancestorTitles":["CLI.registerEntrypoints() — not implemented"],"fullName":"CLI.registerEntrypoints() — not implemented throws an InternalServerError","status":"passed","title":"throws an InternalServerError","duration":0.16445800000019517,"failureMessages":[],"meta":{}},{"ancestorTitles":["CLI.registerEntrypoints() — not implemented"],"fullName":"CLI.registerEntrypoints() — not implemented error message mentions the CLI platform name","status":"passed","title":"error message mentions the CLI platform name","duration":0.1284590000004755,"failureMessages":[],"meta":{}}],"startTime":1772554305754,"endTime":1772554305757.1284,"status":"passed","message":"","name":"/Users/beltrd/Desktop/projects/sentzunhat/zacatl/test/unit/service/platforms/cli/cli.test.ts"},{"assertionResults":[{"ancestorTitles":["Desktop.start() — not implemented"],"fullName":"Desktop.start() — not implemented throws an InternalServerError with a clear message","status":"passed","title":"throws an InternalServerError with a clear message","duration":1.3951670000001286,"failureMessages":[],"meta":{}},{"ancestorTitles":["Desktop.start() — not implemented"],"fullName":"Desktop.start() — not implemented error message mentions the window title and platform","status":"passed","title":"error message mentions the window title and platform","duration":0.27087500000016007,"failureMessages":[],"meta":{}},{"ancestorTitles":["Desktop.start() — not implemented"],"fullName":"Desktop.start() — not implemented error message hints at v0.1.0 timeline","status":"passed","title":"error message hints at v0.1.0 timeline","duration":0.14941700000008495,"failureMessages":[],"meta":{}},{"ancestorTitles":["Desktop.start() — not implemented"],"fullName":"Desktop.start() — not implemented stop() resolves without throwing","status":"passed","title":"stop() resolves without throwing","duration":0.2741249999999127,"failureMessages":[],"meta":{}},{"ancestorTitles":["Desktop.registerEntrypoints() — not implemented"],"fullName":"Desktop.registerEntrypoints() — not implemented throws an InternalServerError","status":"passed","title":"throws an InternalServerError","duration":0.2077910000002703,"failureMessages":[],"meta":{}},{"ancestorTitles":["Desktop.registerEntrypoints() — not implemented"],"fullName":"Desktop.registerEntrypoints() — not implemented error message mentions the window title","status":"passed","title":"error message mentions the window title","duration":0.12562500000012733,"failureMessages":[],"meta":{}}],"startTime":1772554305643,"endTime":1772554305646.1257,"status":"passed","message":"","name":"/Users/beltrd/Desktop/projects/sentzunhat/zacatl/test/unit/service/platforms/desktop/desktop.test.ts"},{"assertionResults":[{"ancestorTitles":["Server","constructor and initialization"],"fullName":"Server constructor and initialization should create Server with proper configuration","status":"passed","title":"should create Server with proper configuration","duration":2.0945839999999407,"failureMessages":[],"meta":{}},{"ancestorTitles":["Server","constructor and initialization"],"fullName":"Server constructor and initialization should create DatabaseServer if databases are provided","status":"passed","title":"should create DatabaseServer if databases are provided","duration":0.18562500000007276,"failureMessages":[],"meta":{}},{"ancestorTitles":["Server","start"],"fullName":"Server start should start the server on configured port","status":"passed","title":"should start the server on configured port","duration":1.2937920000003942,"failureMessages":[],"meta":{}},{"ancestorTitles":["Server","start"],"fullName":"Server start should use override port if provided","status":"passed","title":"should use override port if provided","duration":0.2666250000002037,"failureMessages":[],"meta":{}},{"ancestorTitles":["Server","start"],"fullName":"Server start should throw an error if starting the server fails","status":"passed","title":"should throw an error if starting the server fails","duration":3.213875000000371,"failureMessages":[],"meta":{}}],"startTime":1772554305429,"endTime":1772554305437.2139,"status":"passed","message":"","name":"/Users/beltrd/Desktop/projects/sentzunhat/zacatl/test/unit/service/platforms/server/server.test.ts"},{"assertionResults":[{"ancestorTitles":["adapter-loader lazy behavior"],"fullName":"adapter-loader lazy behavior does not statically import SequelizeAdapter","status":"passed","title":"does not statically import SequelizeAdapter","duration":0.8762079999996786,"failureMessages":[],"meta":{}},{"ancestorTitles":["adapter-loader lazy behavior"],"fullName":"adapter-loader lazy behavior does not statically import MongooseAdapter","status":"passed","title":"does not statically import MongooseAdapter","duration":0.16925000000082946,"failureMessages":[],"meta":{}}],"startTime":1772554305863,"endTime":1772554305863.8762,"status":"passed","message":"","name":"/Users/beltrd/Desktop/projects/sentzunhat/zacatl/test/unit/service/layers/infrastructure/orm/adapter-loader.lazy.test.ts"},{"assertionResults":[{"ancestorTitles":["ESM Adapter Loading","Synchronous Initialization"],"fullName":"ESM Adapter Loading Synchronous Initialization should create repository synchronously; model available after first async call","status":"passed","title":"should create repository synchronously; model available after first async call","duration":7.1859159999999065,"failureMessages":[],"meta":{}},{"ancestorTitles":["ESM Adapter Loading","Synchronous Initialization"],"fullName":"ESM Adapter Loading Synchronous Initialization should defer model access until after first async call","status":"passed","title":"should defer model access until after first async call","duration":1.3485000000000582,"failureMessages":[],"meta":{}},{"ancestorTitles":["ESM Adapter Loading","Synchronous Initialization"],"fullName":"ESM Adapter Loading Synchronous Initialization should allow toLean to be called immediately","status":"passed","title":"should allow toLean to be called immediately","duration":0.325083000000177,"failureMessages":[],"meta":{}},{"ancestorTitles":["ESM Adapter Loading","Adapter Error Handling"],"fullName":"ESM Adapter Loading Adapter Error Handling should handle errors during adapter construction","status":"passed","title":"should handle errors during adapter construction","duration":0.22808299999996962,"failureMessages":[],"meta":{}},{"ancestorTitles":["ESM Adapter Loading","Adapter Error Handling"],"fullName":"ESM Adapter Loading Adapter Error Handling should use lazy (dynamic) imports; construction itself stays synchronous","status":"passed","title":"should use lazy (dynamic) imports; construction itself stays synchronous","duration":0.19991600000003018,"failureMessages":[],"meta":{}},{"ancestorTitles":["ESM Adapter Loading","Repository Operations"],"fullName":"ESM Adapter Loading Repository Operations should allow async methods to be called immediately","status":"passed","title":"should allow async methods to be called immediately","duration":1.660041000000092,"failureMessages":[],"meta":{}},{"ancestorTitles":["ESM Adapter Loading","Concurrent Operations"],"fullName":"ESM Adapter Loading Concurrent Operations should handle multiple concurrent calls without initialization races","status":"passed","title":"should handle multiple concurrent calls without initialization races","duration":0.7840000000001055,"failureMessages":[],"meta":{}}],"startTime":1772554304913,"endTime":1772554304924.784,"status":"passed","message":"","name":"/Users/beltrd/Desktop/projects/sentzunhat/zacatl/test/unit/service/layers/infrastructure/orm/esm-adapter-loading.test.ts"},{"assertionResults":[{"ancestorTitles":["BaseRepository"],"fullName":"BaseRepository should create a model using the provided name and schema","status":"passed","title":"should create a model using the provided name and schema","duration":133.76791699999967,"failureMessages":[],"meta":{}},{"ancestorTitles":["BaseRepository"],"fullName":"BaseRepository should call create() and return the created user document","status":"passed","title":"should call create() and return the created user document","duration":3.854374999999891,"failureMessages":[],"meta":{}},{"ancestorTitles":["BaseRepository"],"fullName":"BaseRepository should call findById() and return the user document","status":"passed","title":"should call findById() and return the user document","duration":4.929833000000144,"failureMessages":[],"meta":{}},{"ancestorTitles":["BaseRepository"],"fullName":"BaseRepository should call update() and return the updated user document","status":"passed","title":"should call update() and return the updated user document","duration":4.00020799999993,"failureMessages":[],"meta":{}},{"ancestorTitles":["BaseRepository"],"fullName":"BaseRepository should call delete() and return the deleted user document","status":"passed","title":"should call delete() and return the deleted user document","duration":4.240833000000293,"failureMessages":[],"meta":{}}],"startTime":1772554304832,"endTime":1772554304982.2407,"status":"passed","message":"","name":"/Users/beltrd/Desktop/projects/sentzunhat/zacatl/test/unit/service/layers/infrastructure/repositories/abstract.test.ts"},{"assertionResults":[{"ancestorTitles":["Mongoose + mongodb-memory-server extended operations"],"fullName":"Mongoose + mongodb-memory-server extended operations supports unique index violations and validation","status":"passed","title":"supports unique index violations and validation","duration":1385.1652089999998,"failureMessages":[],"meta":{}},{"ancestorTitles":["Mongoose + mongodb-memory-server extended operations"],"fullName":"Mongoose + mongodb-memory-server extended operations supports populate, updateMany, aggregate and countDocuments","status":"passed","title":"supports populate, updateMany, aggregate and countDocuments","duration":635.2515419999995,"failureMessages":[],"meta":{}}],"startTime":1772554304239,"endTime":1772554306259.2515,"status":"passed","message":"","name":"/Users/beltrd/Desktop/projects/sentzunhat/zacatl/test/unit/service/layers/infrastructure/repositories/mongoose-mem-extended.test.ts"},{"assertionResults":[{"ancestorTitles":["MongooseRepository (mongodb-memory-server)"],"fullName":"MongooseRepository (mongodb-memory-server) creates and finds a document","status":"passed","title":"creates and finds a document","duration":230.91375000000016,"failureMessages":[],"meta":{}},{"ancestorTitles":["MongooseRepository (mongodb-memory-server)"],"fullName":"MongooseRepository (mongodb-memory-server) updates and deletes a document","status":"passed","title":"updates and deletes a document","duration":8.63000000000011,"failureMessages":[],"meta":{}}],"startTime":1772554305017,"endTime":1772554305256.63,"status":"passed","message":"","name":"/Users/beltrd/Desktop/projects/sentzunhat/zacatl/test/unit/service/layers/infrastructure/repositories/mongoose-mem.test.ts"},{"assertionResults":[{"ancestorTitles":["MongooseRepository","model initialization"],"fullName":"MongooseRepository model initialization should create a model with provided name and schema","status":"passed","title":"should create a model with provided name and schema","duration":515.4350840000002,"failureMessages":[],"meta":{}},{"ancestorTitles":["MongooseRepository","model initialization"],"fullName":"MongooseRepository model initialization should be lazy-loaded (null until first access)","status":"passed","title":"should be lazy-loaded (null until first access)","duration":0.16699999999991633,"failureMessages":[],"meta":{}},{"ancestorTitles":["MongooseRepository","toLean"],"fullName":"MongooseRepository toLean should convert Mongoose document to lean output","status":"passed","title":"should convert Mongoose document to lean output","duration":3.172125000000051,"failureMessages":[],"meta":{}},{"ancestorTitles":["MongooseRepository","toLean"],"fullName":"MongooseRepository toLean should return null for null/undefined input","status":"passed","title":"should return null for null/undefined input","duration":0.15850000000000364,"failureMessages":[],"meta":{}},{"ancestorTitles":["MongooseRepository","toLean"],"fullName":"MongooseRepository toLean should normalize _id to id field","status":"passed","title":"should normalize _id to id field","dura
[...]
0,"11":0,"12":0,"13":0,"14":0,"15":0,"16":0,"17":0,"18":0,"19":0,"20":0,"21":0,"22":0,"23":0,"24":0,"25":0,"26":0,"27":0,"28":0,"29":0,"30":0,"31":0,"32":0,"33":0,"34":0,"35":0},"f":{"0":0,"1":0,"2":0,"3":0,"4":0,"5":0,"6":0,"7":0,"8":0,"9":0,"10":0,"11":0,"12":0},"b":{"0":[0,0],"1":[0,0],"2":[0,0],"3":[0,0],"4":[0,0],"5":[0,0]}},"/Users/beltrd/Desktop/projects/sentzunhat/zacatl/src/service/platforms/server/api/adapters/fastify.ts":{"path":"/Users/beltrd/Desktop/projects/sentzunhat/zacatl/src/service/platforms/server/api/adapters/fastify.ts","statementMap":{"0":{"start":{"line":13,"column":31},"end":{"line":13,"column":56}},"1":{"start":{"line":16,"column":4},"end":{"line":21,"column":null}},"2":{"start":{"line":25,"column":4},"end":{"line":25,"column":null}},"3":{"start":{"line":29,"column":4},"end":{"line":34,"column":null}},"4":{"start":{"line":38,"column":4},"end":{"line":38,"column":null}},"5":{"start":{"line":42,"column":4},"end":{"line":42,"column":null}}},"fnMap":{"0":{"name":"(anonymous_0)","decl":{"start":{"line":13,"column":2},"end":{"line":13,"column":31}},"loc":{"start":{"line":13,"column":56},"end":{"line":13,"column":null}}},"1":{"name":"(anonymous_1)","decl":{"start":{"line":15,"column":2},"end":{"line":15,"column":16}},"loc":{"start":{"line":15,"column":45},"end":{"line":22,"column":null}}},"2":{"name":"(anonymous_2)","decl":{"start":{"line":24,"column":2},"end":{"line":24,"column":15}},"loc":{"start":{"line":24,"column":43},"end":{"line":26,"column":null}}},"3":{"name":"(anonymous_3)","decl":{"start":{"line":28,"column":2},"end":{"line":28,"column":16}},"loc":{"start":{"line":28,"column":43},"end":{"line":35,"column":null}}},"4":{"name":"(anonymous_4)","decl":{"start":{"line":37,"column":2},"end":{"line":37,"column":8}},"loc":{"start":{"line":37,"column":44},"end":{"line":39,"column":null}}},"5":{"name":"(anonymous_5)","decl":{"start":{"line":41,"column":2},"end":{"line":41,"column":26}},"loc":{"start":{"line":41,"column":26},"end":{"line":43,"column":null}}}},"branchMap":{"0":{"loc":{"start":{"line":32,"column":10},"end":{"line":32,"column":null}},"type":"cond-expr","locations":[{"start":{"line":32,"column":41},"end":{"line":32,"column":83}},{"start":{"line":32,"column":83},"end":{"line":32,"column":null}}]},"1":{"loc":{"start":{"line":33,"column":10},"end":{"line":33,"column":null}},"type":"cond-expr","locations":[{"start":{"line":33,"column":39},"end":{"line":33,"column":65}},{"start":{"line":33,"column":65},"end":{"line":33,"column":null}}]}},"s":{"0":0,"1":0,"2":0,"3":0,"4":0,"5":0},"f":{"0":0,"1":0,"2":0,"3":0,"4":0,"5":0},"b":{"0":[0,0],"1":[0,0]}},"/Users/beltrd/Desktop/projects/sentzunhat/zacatl/src/service/platforms/server/database/adapters/index.ts":{"path":"/Users/beltrd/Desktop/projects/sentzunhat/zacatl/src/service/platforms/server/database/adapters/index.ts","statementMap":{"0":{"start":{"line":13,"column":37},"end":{"line":28,"column":null}},"1":{"start":{"line":14,"column":2},"end":{"line":27,"column":null}},"2":{"start":{"line":16,"column":6},"end":{"line":16,"column":null}},"3":{"start":{"line":18,"column":6},"end":{"line":18,"column":null}},"4":{"start":{"line":20,"column":6},"end":{"line":20,"column":null}},"5":{"start":{"line":22,"column":6},"end":{"line":26,"column":null}}},"fnMap":{"0":{"name":"(anonymous_0)","decl":{"start":{"line":13,"column":37},"end":{"line":13,"column":38}},"loc":{"start":{"line":13,"column":85},"end":{"line":28,"column":null}}}},"branchMap":{"0":{"loc":{"start":{"line":14,"column":2},"end":{"line":27,"column":null}},"type":"switch","locations":[{"start":{"line":15,"column":4},"end":{"line":16,"column":null}},{"start":{"line":17,"column":4},"end":{"line":18,"column":null}},{"start":{"line":19,"column":4},"end":{"line":20,"column":null}},{"start":{"line":21,"column":4},"end":{"line":26,"column":null}}]}},"s":{"0":0,"1":0,"2":0,"3":0,"4":0,"5":0},"f":{"0":0},"b":{"0":[0,0,0,0]}},"/Users/beltrd/Desktop/projects/sentzunhat/zacatl/src/service/platforms/server/database/adapters/mongoose.ts":{"path":"/Users/beltrd/Desktop/projects/sentzunhat/zacatl/src/service/platforms/server/database/adapters/mongoose.ts","statementMap":{"0":{"start":{"line":10,"column":64},"end":{"line":10,"column":null}},"1":{"start":{"line":12,"column":27},"end":{"line":15,"column":null}},"2":{"start":{"line":13,"column":20},"end":{"line":13,"column":null}},"3":{"start":{"line":14,"column":6},"end":{"line":14,"column":null}},"4":{"start":{"line":17,"column":21},"end":{"line":17,"column":null}},"5":{"start":{"line":19,"column":4},"end":{"line":25,"column":null}},"6":{"start":{"line":20,"column":6},"end":{"line":24,"column":null}},"7":{"start":{"line":27,"column":19},"end":{"line":27,"column":null}},"8":{"start":{"line":29,"column":4},"end":{"line":33,"column":null}},"9":{"start":{"line":35,"column":4},"end":{"line":37,"column":null}},"10":{"start":{"line":36,"column":6},"end":{"line":36,"column":null}},"11":{"start":{"line":39,"column":4},"end":{"line":41,"column":null}}},"fnMap":{"0":{"name":"(anonymous_0)","decl":{"start":{"line":9,"column":2},"end":{"line":9,"column":8}},"loc":{"start":{"line":9,"column":76},"end":{"line":42,"column":null}}},"1":{"name":"(anonymous_1)","decl":{"start":{"line":12,"column":27},"end":{"line":12,"column":28}},"loc":{"start":{"line":12,"column":64},"end":{"line":15,"column":null}}},"2":{"name":"(anonymous_2)","decl":{"start":{"line":44,"column":2},"end":{"line":44,"column":8}},"loc":{"start":{"line":44,"column":36},"end":{"line":46,"column":null}}}},"branchMap":{"0":{"loc":{"start":{"line":14,"column":13},"end":{"line":14,"column":null}},"type":"cond-expr","locations":[{"start":{"line":14,"column":34},"end":{"line":14,"column":65}},{"start":{"line":14,"column":65},"end":{"line":14,"column":null}}]},"1":{"loc":{"start":{"line":19,"column":4},"end":{"line":25,"column":null}},"type":"if","locations":[{"start":{"line":19,"column":4},"end":{"line":25,"column":null}},{"start":{},"end":{}}]},"2":{"loc":{"start":{"line":19,"column":8},"end":{"line":19,"column":68}},"type":"binary-expr","locations":[{"start":{"line":19,"column":8},"end":{"line":19,"column":28}},{"start":{"line":19,"column":28},"end":{"line":19,"column":68}}]},"3":{"loc":{"start":{"line":27,"column":19},"end":{"line":27,"column":null}},"type":"binary-expr","locations":[{"start":{"line":27,"column":19},"end":{"line":27,"column":55}},{"start":{"line":27,"column":55},"end":{"line":27,"column":null}}]},"4":{"loc":{"start":{"line":35,"column":4},"end":{"line":37,"column":null}},"type":"if","locations":[{"start":{"line":35,"column":4},"end":{"line":37,"column":null}},{"start":{},"end":{}}]}},"s":{"0":0,"1":0,"2":0,"3":0,"4":0,"5":0,"6":0,"7":0,"8":0,"9":0,"10":0,"11":0},"f":{"0":0,"1":0,"2":0},"b":{"0":[0,0],"1":[0,0],"2":[0,0],"3":[0,0],"4":[0,0]}},"/Users/beltrd/Desktop/projects/sentzunhat/zacatl/src/service/platforms/server/database/adapters/sequelize.ts":{"path":"/Users/beltrd/Desktop/projects/sentzunhat/zacatl/src/service/platforms/server/database/adapters/sequelize.ts","statementMap":{"0":{"start":{"line":10,"column":46},"end":{"line":10,"column":null}},"1":{"start":{"line":11,"column":22},"end":{"line":11,"column":null}},"2":{"start":{"line":13,"column":4},"end":{"line":19,"column":null}},"3":{"start":{"line":14,"column":6},"end":{"line":18,"column":null}},"4":{"start":{"line":21,"column":4},"end":{"line":21,"column":null}},"5":{"start":{"line":23,"column":4},"end":{"line":25,"column":null}},"6":{"start":{"line":24,"column":6},"end":{"line":24,"column":null}},"7":{"start":{"line":27,"column":4},"end":{"line":29,"column":null}}},"fnMap":{"0":{"name":"(anonymous_0)","decl":{"start":{"line":9,"column":2},"end":{"line":9,"column":8}},"loc":{"start":{"line":9,"column":77},"end":{"line":30,"column":null}}},"1":{"name":"(anonymous_1)","decl":{"start":{"line":32,"column":2},"end":{"line":32,"column":8}},"loc":{"start":{"line":32,"column":36},"end":{"line":34,"column":null}}}},"branchMap":{"0":{"loc":{"start":{"line":13,"column":4},"end":{"line":19,"column":null}},"type":"if","locations":[{"start":{"line":13,"column":4},"end":{"line":19,"column":null}},{"start":{},"end":{}}]},"1":{"loc":{"start":{"line":13,"column":8},"end":{"line":13,"column":75}},"type":"binary-expr","locations":[{"start":{"line":13,"column":8},"end":{"line":13,"column":29}},{"start":{"line":13,"column":29},"end":{"line":13,"column":75}}]},"2":{"loc":{"start":{"line":23,"column":4},"end":{"line":25,"column":null}},"type":"if","locations":[{"start":{"line":23,"column":4},"end":{"line":25,"column":null}},{"start":{},"end":{}}]}},"s":{"0":0,"1":0,"2":0,"3":0,"4":0,"5":0,"6":0,"7":0},"f":{"0":0,"1":0},"b":{"0":[0,0],"1":[0,0],"2":[0,0]}},"/Users/beltrd/Desktop/projects/sentzunhat/zacatl/src/service/platforms/server/database/adapters/sqlite.ts":{"path":"/Users/beltrd/Desktop/projects/sentzunhat/zacatl/src/service/platforms/server/database/adapters/sqlite.ts","statementMap":{"0":{"start":{"line":34,"column":33},"end":{"line":34,"column":null}},"1":{"start":{"line":36,"column":4},"end":{"line":42,"column":null}},"2":{"start":{"line":37,"column":6},"end":{"line":41,"column":null}},"3":{"start":{"line":44,"column":4},"end":{"line":55,"column":null}},"4":{"start":{"line":47,"column":6},"end":{"line":47,"column":null}},"5":{"start":{"line":49,"column":6},"end":{"line":54,"column":null}},"6":{"start":{"line":59,"column":4},"end":{"line":62,"column":null}},"7":{"start":{"line":60,"column":6},"end":{"line":60,"column":null}},"8":{"start":{"line":61,"column":6},"end":{"line":61,"column":null}},"9":{"start":{"line":70,"column":4},"end":{"line":70,"column":null}}},"fnMap":{"0":{"name":"(anonymous_0)","decl":{"start":{"line":33,"column":2},"end":{"line":33,"column":8}},"loc":{"start":{"line":33,"column":77},"end":{"line":56,"column":null}}},"1":{"name":"(anonymous_1)","decl":{"start":{"line":58,"column":2},"end":{"line":58,"column":8}},"loc":{"start":{"line":58,"column":36},"end":{"line":63,"column":null}}},"2":{"name":"(anonymous_2)","decl":{"start":{"line":69,"column":2},"end":{"line":69,"column":42}},"loc":{"start":{"line":69,"column":42},"end":{"line":71,"column":null}}}},"branchMap":{"0":{"loc":{"start":{"line":36,"column":4},"end":{"line":42,"column":null}},"type":"if","locations":[{"start":{"line":36,"column":4},"end":{"line":42,"column":null}},{"start":{},"end":{}}]},"1":{"loc":{"start":{"line":36,"column":8},"end":{"line":36,"column":67}},"type":"binary-expr","locations":[{"start":{"line":36,"column":8},"end":{"line":36,"column":36}},{"start":{"line":36,"column":36},"end":{"line":36,"column":67}}]},"2":{"loc":{"start":{"line":59,"column":4},"end":{"line":62,"column":null}},"type":"if","locations":[{"start":{"line":59,"column":4},"end":{"line":62,"column":null}},{"start":{},"end":{}}]}},"s":{"0":0,"1":0,"2":0,"3":0,"4":0,"5":0,"6":0,"7":0,"8":0,"9":0},"f":{"0":0,"1":0,"2":0},"b":{"0":[0,0],"1":[0,0],"2":[0,0]}},"/Users/beltrd/Desktop/projects/sentzunhat/zacatl/src/service/platforms/server/page/adapters/express.ts":{"path":"/Users/beltrd/Desktop/projects/sentzunhat/zacatl/src/service/platforms/server/page/adapters/express.ts","statementMap":{"0":{"start":{"line":7,"column":31},"end":{"line":7,"column":48}},"1":{"start":{"line":10,"column":4},"end":{"line":10,"column":null}},"2":{"start":{"line":14,"column":4},"end":{"line":24,"column":null}},"3":{"start":{"line":15,"column":6},"end":{"line":23,"column":null}},"4":{"start":{"line":16,"column":8},"end":{"line":20,"column":null}},"5":{"start":{"line":22,"column":8},"end":{"line":22,"column":null}}},"fnMap":{"0":{"name":"(anonymous_0)","decl":{"start":{"line":7,"column":2},"end":{"line":7,"column":31}},"loc":{"start":{"line":7,"column":48},"end":{"line":7,"column":null}}},"1":{"name":"(anonymous_1)","decl":{"start":{"line":9,"column":2},"end":{"line":9,"column":22}},"loc":{"start":{"line":9,"column":50},"end":{"line":11,"column":null}}},"2":{"name":"(anonymous_2)","decl":{"start":{"line":13,"column":2},"end":{"line":13,"column":22}},"loc":{"start":{"line":13,"column":66},"end":{"line":25,"column":null}}},"3":{"name":"(anonymous_3)","decl":{"start":{"line":14,"column":20},"end":{"line":14,"column":21}},"loc":{"start":{"line":14,"column":41},"end":{"line":24,"column":5}}},"4":{"name":"(anonymous_4)","decl":{"start":{"line":27,"column":2},"end":{"line":27,"column":8}},"loc":{"start":{"line":27,"column":34},"end":{"line":29,"column":null}}}},"branchMap":{"0":{"loc":{"start":{"line":10,"column":20},"end":{"line":10,"column":42}},"type":"binary-expr","locations":[{"start":{"line":10,"column":20},"end":{"line":10,"column":37}},{"start":{"line":10,"column":37},"end":{"line":10,"column":42}}]},"1":{"loc":{"start":{"line":15,"column":6},"end":{"line":23,"column":null}},"type":"if","locations":[{"start":{"line":15,"column":6},"end":{"line":23,"column":null}},{"start":{"line":21,"column":13},"end":{"line":23,"column":null}}]}},"s":{"0":0,"1":0,"2":0,"3":0,"4":0,"5":0},"f":{"0":0,"1":0,"2":0,"3":0,"4":0},"b":{"0":[0,0],"1":[0,0]}},"/Users/beltrd/Desktop/projects/sentzunhat/zacatl/src/service/platforms/server/page/adapters/fastify.ts":{"path":"/Users/beltrd/Desktop/projects/sentzunhat/zacatl/src/service/platforms/server/page/adapters/fastify.ts","statementMap":{"0":{"start":{"line":7,"column":31},"end":{"line":7,"column":56}},"1":{"start":{"line":10,"column":4},"end":{"line":13,"column":null}},"2":{"start":{"line":17,"column":4},"end":{"line":27,"column":null}},"3":{"start":{"line":18,"column":6},"end":{"line":26,"column":null}},"4":{"start":{"line":19,"column":8},"end":{"line":23,"column":null}},"5":{"start":{"line":25,"column":8},"end":{"line":25,"column":null}}},"fnMap":{"0":{"name":"(anonymous_0)","decl":{"start":{"line":7,"column":2},"end":{"line":7,"column":31}},"loc":{"start":{"line":7,"column":56},"end":{"line":7,"column":null}}},"1":{"name":"(anonymous_1)","decl":{"start":{"line":9,"column":2},"end":{"line":9,"column":22}},"loc":{"start":{"line":9,"column":50},"end":{"line":14,"column":null}}},"2":{"name":"(anonymous_2)","decl":{"start":{"line":16,"column":2},"end":{"line":16,"column":22}},"loc":{"start":{"line":16,"column":66},"end":{"line":28,"column":null}}},"3":{"name":"(anonymous_3)","decl":{"start":{"line":17,"column":35},"end":{"line":17,"column":42}},"loc":{"start":{"line":17,"column":61},"end":{"line":27,"column":5}}},"4":{"name":"(anonymous_4)","decl":{"start":{"line":30,"column":2},"end":{"line":30,"column":8}},"loc":{"start":{"line":30,"column":34},"end":{"line":32,"column":null}}}},"branchMap":{"0":{"loc":{"start":{"line":12,"column":10},"end":{"line":12,"column":null}},"type":"cond-expr","locations":[{"start":{"line":12,"column":34},"end":{"line":12,"column":62}},{"start":{"line":12,"column":62},"end":{"line":12,"column":null}}]},"1":{"loc":{"start":{"line":18,"column":6},"end":{"line":26,"column":null}},"type":"if","locations":[{"start":{"line":18,"column":6},"end":{"line":26,"column":null}},{"start":{"line":24,"column":13},"end":{"line":26,"column":null}}]},"2":{"loc":{"start":{"line":18,"column":10},"end":{"line":18,"column":76}},"type":"binary-expr","locations":[{"start":{"line":18,"column":10},"end":{"line":18,"column":37}},{"start":{"line":18,"column":37},"end":{"line":18,"column":76}}]}},"s":{"0":0,"1":0,"2":0,"3":0,"4":0,"5":0},"f":{"0":0,"1":0,"2":0,"3":0,"4":0},"b":{"0":[0,0],"1":[0,0],"2":[0,0]}},"/Users/beltrd/Desktop/projects/sentzunhat/zacatl/src/service/layers/application/entry-points/rest/express/handlers/abstract.ts":{"path":"/Users/beltrd/Desktop/projects/sentzunhat/zacatl/src/service/layers/application/entry-points/rest/express/handlers/abstract.ts","statementMap":{"0":{"start":{"line":61,"column":4},"end":{"line":61,"column":null}},"1":{"start":{"line":62,"column":4},"end":{"line":62,"column":null}},"2":{"start":{"line":63,"column":4},"end":{"line":63,"column":null}},"3":{"start":{"line":93,"column":4},"end":{"line":93,"column":null}},"4":{"start":{"line":100,"column":21},"end":{"line":100,"column":null}},"5":{"start":{"line":103,"column":4},"end":{"line":105,"column":null}},"6":{"start":{"line":104,"column":6},"end":{"line":104,"column":null}},"7":{"start":{"line":107,"column":4},"end":{"line":107,"column":null}}},"fnMap":{"0":{"name":"(anonymous_0)","decl":{"start":{"line":60,"column":2},"end":{"line":60,"column":14}},"loc":{"start":{"line":60,"column":53},"end":{"line":64,"column":null}}},"1":{"name":"(anonymous_1)","decl":{"start":{"line":90,"column":12},"end":{"line":90,"column":null}},"loc":{"start":{"line":92,"column":56},"end":{"line":94,"column":null}}},"2":{"name":"(anonymous_2)","decl":{"start":{"line":96,"column":2},"end":{"line":96,"column":15}},"loc":{"start":{"line":99,"column":39},"end":{"line":108,"column":null}}}},"branchMap":{"0":{"loc":{"start":{"line":103,"column":4},"end":{"line":105,"column":null}},"type":"if","locations":[{"start":{"line":103,"column":4},"end":{"line":105,"column":null}},{"start":{},"end":{}}]}},"s":{"0":0,"1":0,"2":0,"3":0,"4":0,"5":0,"6":0,"7":0},"f":{"0":0,"1":0,"2":0},"b":{"0":[0,0]}},"/Users/beltrd/Desktop/projects/sentzunhat/zacatl/src/service/layers/application/entry-points/rest/express/handlers/delete-route-handler.ts":{"path":"/Users/beltrd/Desktop/projects/sentzunhat/zacatl/src/service/layers/application/entry-points/rest/express/handlers/delete-route-handler.ts","statementMap":{"0":{"start":{"line":19,"column":4},"end":{"line":23,"column":null}}},"fnMap":{"0":{"name":"(anonymous_0)","decl":{"start":{"line":18,"column":2},"end":{"line":18,"column":14}},"loc":{"start":{"line":18,"column":51},"end":{"line":24,"column":null}}}},"branchMap":{},"s":{"0":0},"f":{"0":0},"b":{}},"/Users/beltrd/Desktop/projects/sentzunhat/zacatl/src/service/layers/application/entry-points/rest/express/handlers/get-route-handler.ts":{"path":"/Users/beltrd/Desktop/projects/sentzunhat/zacatl/src/service/layers/application/entry-points/rest/express/handlers/get-route-handler.ts","statementMap":{"0":{"start":{"line":19,"column":4},"end":{"line":23,"column":null}}},"fnMap":{"0":{"name":"(anonymous_0)","decl":{"start":{"line":18,"column":2},"end":{"line":18,"column":14}},"loc":{"start":{"line":18,"column":48},"end":{"line":24,"column":null}}}},"branchMap":{},"s":{"0":0},"f":{"0":0},"b":{}},"/Users/beltrd/Desktop/projects/sentzunhat/zacatl/src/service/layers/application/entry-points/rest/express/handlers/patch-route-handler.ts":{"path":"/Users/beltrd/Desktop/projects/sentzunhat/zacatl/src/service/layers/application/entry-points/rest/express/handlers/patch-route-handler.ts","statementMap":{"0":{"start":{"line":19,"column":4},"end":{"line":23,"column":null}}},"fnMap":{"0":{"name":"(anonymous_0)","decl":{"start":{"line":18,"column":2},"end":{"line":18,"column":14}},"loc":{"start":{"line":18,"column":50},"end":{"line":24,"column":null}}}},"branchMap":{},"s":{"0":0},"f":{"0":0},"b":{}},"/Users/beltrd/Desktop/projects/sentzunhat/zacatl/src/service/layers/application/entry-points/rest/express/handlers/post-route-handler.ts":{"path":"/Users/beltrd/Desktop/projects/sentzunhat/zacatl/src/service/layers/application/entry-points/rest/express/handlers/post-route-handler.ts","statementMap":{"0":{"start":{"line":20,"column":4},"end":{"line":24,"column":null}}},"fnMap":{"0":{"name":"(anonymous_0)","decl":{"start":{"line":19,"column":2},"end":{"line":19,"column":14}},"loc":{"start":{"line":19,"column":49},"end":{"line":25,"column":null}}}},"branchMap":{},"s":{"0":0},"f":{"0":0},"b":{}},"/Users/beltrd/Desktop/projects/sentzunhat/zacatl/src/service/layers/application/entry-points/rest/express/handlers/put-route-handler.ts":{"path":"/Users/beltrd/Desktop/projects/sentzunhat/zacatl/src/service/layers/application/entry-points/rest/express/handlers/put-route-handler.ts","statementMap":{"0":{"start":{"line":19,"column":4},"end":{"line":23,"column":null}}},"fnMap":{"0":{"name":"(anonymous_0)","decl":{"start":{"line":18,"column":2},"end":{"line":18,"column":14}},"loc":{"start":{"line":18,"column":48},"end":{"line":24,"column":null}}}},"branchMap":{},"s":{"0":0},"f":{"0":0},"b":{}}}}